2017:07:30 12:53:45.695 INFO  --- [main] com.board.BoardApplication : Starting BoardApplication on HP with PID 9616 (A:\Develop\workspace\board\target\classes started by shdke in A:\Develop\workspace\board) 
2017:07:30 12:53:45.711 INFO  --- [main] com.board.BoardApplication : No active profile set, falling back to default profiles: default 
2017:07:30 12:53:45.773 INFO  --- [main] o.s.b.c.e.AnnotationConfigEmbeddedWebApplicationContext : Refreshing org.springframework.boot.context.embedded.AnnotationConfigEmbeddedWebApplicationContext@b927fb: startup date [Sun Jul 30 12:53:45 KST 2017]; root of context hierarchy 
2017:07:30 12:53:47.227 INFO  --- [main] o.s.b.c.e.t.TomcatEmbeddedServletContainer : Tomcat initialized with port(s): 8080 (http) 
2017:07:30 12:53:47.254 INFO  --- [main] o.a.catalina.core.StandardService : Starting service Tomcat 
2017:07:30 12:53:47.254 INFO  --- [main] o.a.catalina.core.StandardEngine : Starting Servlet Engine: Apache Tomcat/8.5.14 
2017:07:30 12:53:47.551 INFO  --- [localhost-startStop-1] o.apache.jasper.servlet.TldScanner : At least one JAR was scanned for TLDs yet contained no TLDs. Enable debug logging for this logger for a complete list of JARs that were scanned but no TLDs were found in them. Skipping unneeded JARs during scanning can improve startup time and JSP compilation time. 
2017:07:30 12:53:47.551 INFO  --- [localhost-startStop-1] o.a.c.c.C.[Tomcat].[localhost].[/] : Initializing Spring embedded WebApplicationContext 
2017:07:30 12:53:47.551 INFO  --- [localhost-startStop-1] o.s.web.context.ContextLoader : Root WebApplicationContext: initialization completed in 1778 ms 
2017:07:30 12:53:47.785 INFO  --- [localhost-startStop-1] o.s.b.w.s.FilterRegistrationBean : Mapping filter: 'simpleCorsFilter' to: [/*] 
2017:07:30 12:53:47.785 INFO  --- [localhost-startStop-1] o.s.b.w.s.FilterRegistrationBean : Mapping filter: 'characterEncodingFilter' to: [/*] 
2017:07:30 12:53:47.785 INFO  --- [localhost-startStop-1] o.s.b.w.s.FilterRegistrationBean : Mapping filter: 'httpPutFormContentFilter' to: [/*] 
2017:07:30 12:53:47.785 INFO  --- [localhost-startStop-1] o.s.b.w.s.FilterRegistrationBean : Mapping filter: 'requestContextFilter' to: [/*] 
2017:07:30 12:53:47.785 INFO  --- [localhost-startStop-1] o.s.b.w.s.DelegatingFilterProxyRegistrationBean : Mapping filter: 'springSecurityFilterChain' to: [/*] 
2017:07:30 12:53:47.785 INFO  --- [localhost-startStop-1] o.s.b.w.s.FilterRegistrationBean : Mapping filter: 'hiddenHttpMethodFilter' to: [/*] 
2017:07:30 12:53:47.785 INFO  --- [localhost-startStop-1] o.s.b.w.s.ServletRegistrationBean : Mapping servlet: 'dispatcherServlet' to [/] 
2017:07:30 12:53:49.078 INFO  --- [main] o.s.s.w.DefaultSecurityFilterChain : Creating filter chain: org.springframework.security.web.util.matcher.AnyRequestMatcher@1, [org.springframework.security.web.context.request.async.WebAsyncManagerIntegrationFilter@15f6e45, org.springframework.security.web.context.SecurityContextPersistenceFilter@18649a, org.springframework.security.web.header.HeaderWriterFilter@1d7796b, org.springframework.security.web.authentication.logout.LogoutFilter@e53f6a, org.springframework.security.web.authentication.UsernamePasswordAuthenticationFilter@8e67b9, org.springframework.security.web.savedrequest.RequestCacheAwareFilter@196639b, org.springframework.security.web.servletapi.SecurityContextHolderAwareRequestFilter@f19647, org.springframework.security.web.authentication.AnonymousAuthenticationFilter@15e3f51, org.springframework.security.web.session.SessionManagementFilter@1402ba1, org.springframework.security.web.access.ExceptionTranslationFilter@19776f5, org.springframework.security.web.access.intercept.FilterSecurityInterceptor@7c4815] 
2017:07:30 12:53:49.181 INFO  --- [main] o.s.w.s.m.m.a.RequestMappingHandlerAdapter : Looking for @ControllerAdvice: org.springframework.boot.context.embedded.AnnotationConfigEmbeddedWebApplicationContext@b927fb: startup date [Sun Jul 30 12:53:45 KST 2017]; root of context hierarchy 
2017:07:30 12:53:49.270 INFO  --- [main] o.s.w.s.m.m.a.RequestMappingHandlerMapping : Mapped "{[/board/post/{bno}],methods=[PATCH]}" onto public java.lang.String com.board.controller.BoardListController.update(com.board.domain.BoardVO,int) throws java.lang.Exception 
2017:07:30 12:53:49.273 INFO  --- [main] o.s.w.s.m.m.a.RequestMappingHandlerMapping : Mapped "{[/board/post],methods=[POST]}" onto public java.lang.String com.board.controller.BoardListController.write(com.board.domain.BoardVO) throws java.lang.Exception 
2017:07:30 12:53:49.280 INFO  --- [main] o.s.w.s.m.m.a.RequestMappingHandlerMapping : Mapped "{[/board/post/{bno}],methods=[DELETE]}" onto public java.lang.String com.board.controller.BoardListController.delete(int) throws java.lang.Exception 
2017:07:30 12:53:49.281 INFO  --- [main] o.s.w.s.m.m.a.RequestMappingHandlerMapping : Mapped "{[/board],methods=[GET]}" onto public org.springframework.web.servlet.ModelAndView com.board.controller.BoardListController.list() throws java.lang.Exception 
2017:07:30 12:53:49.281 INFO  --- [main] o.s.w.s.m.m.a.RequestMappingHandlerMapping : Mapped "{[/board/post/{bno}],methods=[GET]}" onto public org.springframework.web.servlet.ModelAndView com.board.controller.BoardListController.updateForm(int) throws java.lang.Exception 
2017:07:30 12:53:49.282 INFO  --- [main] o.s.w.s.m.m.a.RequestMappingHandlerMapping : Mapped "{[/board/{bno}],methods=[GET]}" onto public org.springframework.web.servlet.ModelAndView com.board.controller.BoardListController.view(int) throws java.lang.Exception 
2017:07:30 12:53:49.288 INFO  --- [main] o.s.w.s.m.m.a.RequestMappingHandlerMapping : Mapped "{[/board/post],methods=[GET]}" onto public org.springframework.web.servlet.ModelAndView com.board.controller.BoardListController.writeForm() throws java.lang.Exception 
2017:07:30 12:53:49.289 INFO  --- [main] o.s.w.s.m.m.a.RequestMappingHandlerMapping : Mapped "{[/board],methods=[POST]}" onto public org.springframework.web.servlet.ModelAndView com.board.controller.BoardListController.list2() throws java.lang.Exception 
2017:07:30 12:53:49.289 INFO  --- [main] o.s.w.s.m.m.a.RequestMappingHandlerMapping : Mapped "{[/board/daily],methods=[GET]}" onto public org.springframework.web.servlet.ModelAndView com.board.controller.BoardListController.list3(javax.servlet.http.HttpServletRequest) throws java.lang.Exception 
2017:07:30 12:53:49.290 INFO  --- [main] o.s.w.s.m.m.a.RequestMappingHandlerMapping : Mapped "{[/createmember],methods=[POST]}" onto public java.lang.String com.board.controller.LoginController.join(com.board.domain.User) throws java.lang.Exception 
2017:07:30 12:53:49.291 INFO  --- [main] o.s.w.s.m.m.a.RequestMappingHandlerMapping : Mapped "{[/createmember],methods=[GET]}" onto public org.springframework.web.servlet.ModelAndView com.board.controller.LoginController.joinform() throws java.lang.Exception 
2017:07:30 12:53:49.291 INFO  --- [main] o.s.w.s.m.m.a.RequestMappingHandlerMapping : Mapped "{[/login],methods=[GET]}" onto public org.springframework.web.servlet.ModelAndView com.board.controller.LoginController.login() throws java.lang.Exception 
2017:07:30 12:53:49.291 INFO  --- [main] o.s.w.s.m.m.a.RequestMappingHandlerMapping : Mapped "{[/login],methods=[POST]}" onto public java.lang.String com.board.controller.LoginController.login(com.board.domain.AuthenticationRequest,javax.servlet.http.HttpSession) 
2017:07:30 12:53:49.294 INFO  --- [main] o.s.w.s.m.m.a.RequestMappingHandlerMapping : Mapped "{[/member/{username}],methods=[PATCH]}" onto public java.lang.String com.board.controller.MemberController.update(com.board.domain.User,java.lang.String) throws java.lang.Exception 
2017:07:30 12:53:49.298 INFO  --- [main] o.s.w.s.m.m.a.RequestMappingHandlerMapping : Mapped "{[/member],methods=[GET]}" onto public org.springframework.web.servlet.ModelAndView com.board.controller.MemberController.list(org.springframework.security.core.userdetails.UserDetails) throws com.board.controller.CustomAuthException 
2017:07:30 12:53:49.299 INFO  --- [main] o.s.w.s.m.m.a.RequestMappingHandlerMapping : Mapped "{[/member/{username}],methods=[GET]}" onto public org.springframework.web.servlet.ModelAndView com.board.controller.MemberController.updateform(java.lang.String) throws java.lang.Exception 
2017:07:30 12:53:49.299 INFO  --- [main] o.s.w.s.m.m.a.RequestMappingHandlerMapping : Mapped "{[/reply],methods=[POST]}" onto public java.lang.String com.board.controller.ReplyController.replyInsert(com.board.domain.Reply,org.apache.catalina.servlet4preview.http.HttpServletRequest,com.board.domain.User) throws java.lang.Exception 
2017:07:30 12:53:49.302 INFO  --- [main] o.s.w.s.m.m.a.RequestMappingHandlerMapping : Mapped "{[/sign/{docno}],methods=[GET]}" onto public org.springframework.web.servlet.ModelAndView com.board.controller.SignBoardController.signwrite(int,org.springframework.security.core.userdetails.UserDetails) throws java.lang.Exception 
2017:07:30 12:53:49.303 INFO  --- [main] o.s.w.s.m.m.a.RequestMappingHandlerMapping : Mapped "{[/sign],methods=[GET]}" onto public org.springframework.web.servlet.ModelAndView com.board.controller.SignBoardController.signready(org.springframework.security.core.userdetails.UserDetails) throws java.lang.Exception 
2017:07:30 12:53:49.304 INFO  --- [main] o.s.w.s.m.m.a.RequestMappingHandlerMapping : Mapped "{[/sign/post],methods=[POST]}" onto public java.lang.String com.board.controller.SignBoardController.signpost(com.board.domain.Sign) throws java.lang.Exception 
2017:07:30 12:53:49.304 INFO  --- [main] o.s.w.s.m.m.a.RequestMappingHandlerMapping : Mapped "{[/sign/post],methods=[GET]}" onto public org.springframework.web.servlet.ModelAndView com.board.controller.SignBoardController.signlist() throws java.lang.Exception 
2017:07:30 12:53:49.304 INFO  --- [main] o.s.w.s.m.m.a.RequestMappingHandlerMapping : Mapped "{[/sign/permit],methods=[GET]}" onto public org.springframework.web.servlet.ModelAndView com.board.controller.SignBoardController.signok(org.springframework.security.core.userdetails.UserDetails,int) throws java.lang.Exception 
2017:07:30 12:53:49.304 INFO  --- [main] o.s.w.s.m.m.a.RequestMappingHandlerMapping : Mapped "{[/sign/check/{singno}],methods=[GET]}" onto public org.springframework.web.servlet.ModelAndView com.board.controller.SignBoardController.signview(int) throws java.lang.Exception 
2017:07:30 12:53:49.307 INFO  --- [main] o.s.w.s.m.m.a.RequestMappingHandlerMapping : Mapped "{[/error]}" onto public org.springframework.http.ResponseEntity<java.util.Map<java.lang.String, java.lang.Object>> org.springframework.boot.autoconfigure.web.BasicErrorController.error(javax.servlet.http.HttpServletRequest) 
2017:07:30 12:53:49.307 INFO  --- [main] o.s.w.s.m.m.a.RequestMappingHandlerMapping : Mapped "{[/error],produces=[text/html]}" onto public org.springframework.web.servlet.ModelAndView org.springframework.boot.autoconfigure.web.BasicErrorController.errorHtml(javax.servlet.http.HttpServletRequest,javax.servlet.http.HttpServletResponse) 
2017:07:30 12:53:49.342 INFO  --- [main] o.s.w.s.h.SimpleUrlHandlerMapping : Mapped URL path [/webjars/**] onto handler of type [class org.springframework.web.servlet.resource.ResourceHttpRequestHandler] 
2017:07:30 12:53:49.342 INFO  --- [main] o.s.w.s.h.SimpleUrlHandlerMapping : Mapped URL path [/**] onto handler of type [class org.springframework.web.servlet.resource.ResourceHttpRequestHandler] 
2017:07:30 12:53:49.382 INFO  --- [main] o.s.w.s.h.SimpleUrlHandlerMapping : Mapped URL path [/**/favicon.ico] onto handler of type [class org.springframework.web.servlet.resource.ResourceHttpRequestHandler] 
2017:07:30 12:53:49.404 INFO  --- [main] o.s.b.a.w.WebMvcAutoConfiguration$WelcomePageHandlerMapping : Adding welcome page: class path resource [static/index.html] 
2017:07:30 12:53:49.648 INFO  --- [main] o.s.j.e.a.AnnotationMBeanExporter : Registering beans for JMX exposure on startup 
2017:07:30 12:53:49.742 INFO  --- [main] o.s.b.c.e.t.TomcatEmbeddedServletContainer : Tomcat started on port(s): 8080 (http) 
2017:07:30 12:53:49.747 INFO  --- [main] com.board.BoardApplication : Started BoardApplication in 4.447 seconds (JVM running for 5.184) 
2017:07:30 12:53:49.822 INFO  --- [http-nio-8080-exec-1] o.a.c.c.C.[Tomcat].[localhost].[/] : Initializing Spring FrameworkServlet 'dispatcherServlet' 
2017:07:30 12:53:49.822 INFO  --- [http-nio-8080-exec-1] o.s.web.servlet.DispatcherServlet : FrameworkServlet 'dispatcherServlet': initialization started 
2017:07:30 12:53:49.861 INFO  --- [http-nio-8080-exec-1] o.s.web.servlet.DispatcherServlet : FrameworkServlet 'dispatcherServlet': initialization completed in 38 ms 
