2018:01:02 20:01:53.360 INFO  --- [main] com.board.BoardApplication : Starting BoardApplication on HP with PID 6440 (A:\Develop\workspace\board\target\classes started by pi in A:\Develop\workspace\board) 
2018:01:02 20:01:53.366 INFO  --- [main] com.board.BoardApplication : No active profile set, falling back to default profiles: default 
2018:01:02 20:01:53.449 INFO  --- [main] o.s.b.c.e.AnnotationConfigEmbeddedWebApplicationContext : Refreshing org.springframework.boot.context.embedded.AnnotationConfigEmbeddedWebApplicationContext@c7ffd3: startup date [Tue Jan 02 20:01:53 KST 2018]; root of context hierarchy 
2018:01:02 20:01:55.073 INFO  --- [main] o.s.b.c.e.t.TomcatEmbeddedServletContainer : Tomcat initialized with port(s): 8080 (http) 
2018:01:02 20:01:55.111 INFO  --- [main] o.a.catalina.core.StandardService : Starting service Tomcat 
2018:01:02 20:01:55.113 INFO  --- [main] o.a.catalina.core.StandardEngine : Starting Servlet Engine: Apache Tomcat/8.5.14 
2018:01:02 20:01:55.629 INFO  --- [localhost-startStop-1] o.apache.jasper.servlet.TldScanner : At least one JAR was scanned for TLDs yet contained no TLDs. Enable debug logging for this logger for a complete list of JARs that were scanned but no TLDs were found in them. Skipping unneeded JARs during scanning can improve startup time and JSP compilation time. 
2018:01:02 20:01:55.635 INFO  --- [localhost-startStop-1] o.a.c.c.C.[Tomcat].[localhost].[/] : Initializing Spring embedded WebApplicationContext 
2018:01:02 20:01:55.641 INFO  --- [localhost-startStop-1] o.s.web.context.ContextLoader : Root WebApplicationContext: initialization completed in 2191 ms 
2018:01:02 20:01:55.851 INFO  --- [localhost-startStop-1] o.s.b.w.s.FilterRegistrationBean : Mapping filter: 'simpleCorsFilter' to: [/*] 
2018:01:02 20:01:55.851 INFO  --- [localhost-startStop-1] o.s.b.w.s.FilterRegistrationBean : Mapping filter: 'characterEncodingFilter' to: [/*] 
2018:01:02 20:01:55.852 INFO  --- [localhost-startStop-1] o.s.b.w.s.FilterRegistrationBean : Mapping filter: 'httpPutFormContentFilter' to: [/*] 
2018:01:02 20:01:55.857 INFO  --- [localhost-startStop-1] o.s.b.w.s.FilterRegistrationBean : Mapping filter: 'requestContextFilter' to: [/*] 
2018:01:02 20:01:55.859 INFO  --- [localhost-startStop-1] o.s.b.w.s.DelegatingFilterProxyRegistrationBean : Mapping filter: 'springSecurityFilterChain' to: [/*] 
2018:01:02 20:01:55.860 INFO  --- [localhost-startStop-1] o.s.b.w.s.FilterRegistrationBean : Mapping filter: 'hiddenHttpMethodFilter' to: [/*] 
2018:01:02 20:01:55.860 INFO  --- [localhost-startStop-1] o.s.b.w.s.ServletRegistrationBean : Mapping servlet: 'dispatcherServlet' to [/] 
2018:01:02 20:01:57.285 INFO  --- [main] o.s.s.w.DefaultSecurityFilterChain : Creating filter chain: org.springframework.security.web.util.matcher.AnyRequestMatcher@1, [org.springframework.security.web.context.request.async.WebAsyncManagerIntegrationFilter@576557, org.springframework.security.web.context.SecurityContextPersistenceFilter@18dbd79, org.springframework.security.web.header.HeaderWriterFilter@1dc339f, org.springframework.security.web.authentication.logout.LogoutFilter@18621b, org.springframework.security.web.authentication.UsernamePasswordAuthenticationFilter@187455b, org.springframework.security.web.savedrequest.RequestCacheAwareFilter@889e60, org.springframework.security.web.servletapi.SecurityContextHolderAwareRequestFilter@104d4b, org.springframework.security.web.authentication.AnonymousAuthenticationFilter@14cd322, org.springframework.security.web.session.SessionManagementFilter@acbc60, org.springframework.security.web.access.ExceptionTranslationFilter@1139fc9, org.springframework.security.web.access.intercept.FilterSecurityInterceptor@16ef8b2] 
2018:01:02 20:01:57.388 INFO  --- [main] o.s.w.s.m.m.a.RequestMappingHandlerAdapter : Looking for @ControllerAdvice: org.springframework.boot.context.embedded.AnnotationConfigEmbeddedWebApplicationContext@c7ffd3: startup date [Tue Jan 02 20:01:53 KST 2018]; root of context hierarchy 
2018:01:02 20:01:57.466 INFO  --- [main] o.s.w.s.m.m.a.RequestMappingHandlerMapping : Mapped "{[/admin/{username}],methods=[PATCH]}" onto public java.lang.String com.board.controller.AdminController.update(com.board.domain.User,java.lang.String) throws java.lang.Exception 
2018:01:02 20:01:57.491 INFO  --- [main] o.s.w.s.m.m.a.RequestMappingHandlerMapping : Mapped "{[/admin],methods=[GET]}" onto public org.springframework.web.servlet.ModelAndView com.board.controller.AdminController.list(org.springframework.security.core.userdetails.UserDetails) throws com.board.controller.CustomAuthException 
2018:01:02 20:01:57.497 INFO  --- [main] o.s.w.s.m.m.a.RequestMappingHandlerMapping : Mapped "{[/admin/{username}],methods=[GET]}" onto public org.springframework.web.servlet.ModelAndView com.board.controller.AdminController.updateform(java.lang.String) throws java.lang.Exception 
2018:01:02 20:01:57.500 INFO  --- [main] o.s.w.s.m.m.a.RequestMappingHandlerMapping : Mapped "{[/board/post/{bno}],methods=[PATCH]}" onto public java.lang.String com.board.controller.BoardListController.update(com.board.domain.BoardVO,int) throws java.lang.Exception 
2018:01:02 20:01:57.505 INFO  --- [main] o.s.w.s.m.m.a.RequestMappingHandlerMapping : Mapped "{[/board/post],methods=[POST]}" onto public java.lang.String com.board.controller.BoardListController.write(com.board.domain.BoardVO) throws java.lang.Exception 
2018:01:02 20:01:57.506 INFO  --- [main] o.s.w.s.m.m.a.RequestMappingHandlerMapping : Mapped "{[/board/delete/{bno}],methods=[DELETE]}" onto public java.lang.String com.board.controller.BoardListController.delete(int) throws java.lang.Exception 
2018:01:02 20:01:57.512 INFO  --- [main] o.s.w.s.m.m.a.RequestMappingHandlerMapping : Mapped "{[/board],methods=[GET]}" onto public org.springframework.web.servlet.ModelAndView com.board.controller.BoardListController.list() throws java.lang.Exception 
2018:01:02 20:01:57.513 INFO  --- [main] o.s.w.s.m.m.a.RequestMappingHandlerMapping : Mapped "{[/board/post/{bno}],methods=[GET]}" onto public org.springframework.web.servlet.ModelAndView com.board.controller.BoardListController.updateForm(int) throws java.lang.Exception 
2018:01:02 20:01:57.513 INFO  --- [main] o.s.w.s.m.m.a.RequestMappingHandlerMapping : Mapped "{[/board/{bno}],methods=[GET]}" onto public org.springframework.web.servlet.ModelAndView com.board.controller.BoardListController.view(int,javax.servlet.http.HttpServletRequest,javax.servlet.http.HttpServletResponse) throws java.lang.Exception 
2018:01:02 20:01:57.513 INFO  --- [main] o.s.w.s.m.m.a.RequestMappingHandlerMapping : Mapped "{[/board/post],methods=[GET]}" onto public org.springframework.web.servlet.ModelAndView com.board.controller.BoardListController.writeForm() throws java.lang.Exception 
2018:01:02 20:01:57.514 INFO  --- [main] o.s.w.s.m.m.a.RequestMappingHandlerMapping : Mapped "{[/board/upload],methods=[POST]}" onto public void com.board.controller.BoardListController.upload(org.springframework.web.multipart.MultipartFile,javax.servlet.http.HttpServletRequest,javax.servlet.http.HttpServletResponse) 
2018:01:02 20:01:57.514 INFO  --- [main] o.s.w.s.m.m.a.RequestMappingHandlerMapping : Mapped "{[/board],methods=[POST]}" onto public org.springframework.web.servlet.ModelAndView com.board.controller.BoardListController.list2() throws java.lang.Exception 
2018:01:02 20:01:57.514 INFO  --- [main] o.s.w.s.m.m.a.RequestMappingHandlerMapping : Mapped "{[/board/daily],methods=[GET]}" onto public org.springframework.web.servlet.ModelAndView com.board.controller.BoardListController.list3(javax.servlet.http.HttpServletRequest) throws java.lang.Exception 
2018:01:02 20:01:57.517 INFO  --- [main] o.s.w.s.m.m.a.RequestMappingHandlerMapping : Mapped "{[/createmember],methods=[POST]}" onto public java.lang.String com.board.controller.LoginController.join(com.board.domain.User) throws java.lang.Exception 
2018:01:02 20:01:57.522 INFO  --- [main] o.s.w.s.m.m.a.RequestMappingHandlerMapping : Mapped "{[/test],methods=[GET]}" onto public java.lang.String com.board.controller.LoginController.test() throws java.lang.Exception 
2018:01:02 20:01:57.523 INFO  --- [main] o.s.w.s.m.m.a.RequestMappingHandlerMapping : Mapped "{[/createmember],methods=[GET]}" onto public org.springframework.web.servlet.ModelAndView com.board.controller.LoginController.joinform() throws java.lang.Exception 
2018:01:02 20:01:57.524 INFO  --- [main] o.s.w.s.m.m.a.RequestMappingHandlerMapping : Mapped "{[/login],methods=[POST]}" onto public java.lang.String com.board.controller.LoginController.login(com.board.domain.AuthenticationRequest,javax.servlet.http.HttpSession) throws java.io.IOException 
2018:01:02 20:01:57.524 INFO  --- [main] o.s.w.s.m.m.a.RequestMappingHandlerMapping : Mapped "{[/login],methods=[GET]}" onto public org.springframework.web.servlet.ModelAndView com.board.controller.LoginController.login() throws java.lang.Exception 
2018:01:02 20:01:57.524 INFO  --- [main] o.s.w.s.m.m.a.RequestMappingHandlerMapping : Mapped "{[/checkId],methods=[GET || POST]}" onto public int com.board.controller.LoginController.idCheck(com.board.domain.User,org.springframework.ui.Model) throws java.lang.Exception 
2018:01:02 20:01:57.525 INFO  --- [main] o.s.w.s.m.m.a.RequestMappingHandlerMapping : Mapped "{[/test1],methods=[GET]}" onto public org.codehaus.jackson.JsonNode com.board.controller.LoginController.tokenCreate() throws java.lang.Exception 
2018:01:02 20:01:57.525 INFO  --- [main] o.s.w.s.m.m.a.RequestMappingHandlerMapping : Mapped "{[/oauth],methods=[GET || POST],produces=[application/json]}" onto public java.lang.String com.board.controller.LoginController.kakaoLogin(javax.servlet.http.HttpServletRequest,javax.servlet.http.HttpServletResponse) throws java.lang.Exception 
2018:01:02 20:01:57.527 INFO  --- [main] o.s.w.s.m.m.a.RequestMappingHandlerMapping : Mapped "{[/member/{username}],methods=[PATCH]}" onto public java.lang.String com.board.controller.MemberController.update(com.board.domain.User,java.lang.String) throws java.lang.Exception 
2018:01:02 20:01:57.528 INFO  --- [main] o.s.w.s.m.m.a.RequestMappingHandlerMapping : Mapped "{[/member/{username}],methods=[GET]}" onto public org.springframework.web.servlet.ModelAndView com.board.controller.MemberController.viewform(java.lang.String) throws java.lang.Exception 
2018:01:02 20:01:57.528 INFO  --- [main] o.s.w.s.m.m.a.RequestMappingHandlerMapping : Mapped "{[/member/post/{username}],methods=[GET]}" onto public org.springframework.web.servlet.ModelAndView com.board.controller.MemberController.updateform(java.lang.String) throws java.lang.Exception 
2018:01:02 20:01:57.529 INFO  --- [main] o.s.w.s.m.m.a.RequestMappingHandlerMapping : Mapped "{[/reply/delete/{r_no}],methods=[DELETE]}" onto public java.lang.String com.board.controller.ReplyController.delete(int,javax.servlet.http.HttpServletRequest) throws java.lang.Exception 
2018:01:02 20:01:57.529 INFO  --- [main] o.s.w.s.m.m.a.RequestMappingHandlerMapping : Mapped "{[/reply],methods=[POST]}" onto public java.lang.String com.board.controller.ReplyController.replyInsert(com.board.domain.Reply,javax.servlet.http.HttpServletRequest,com.board.domain.User) throws java.lang.Exception 
2018:01:02 20:01:57.530 INFO  --- [main] o.s.w.s.m.m.a.RequestMappingHandlerMapping : Mapped "{[/sign/post],methods=[GET]}" onto public org.springframework.web.servlet.ModelAndView com.board.controller.SignBoardController.signlist() throws java.lang.Exception 
2018:01:02 20:01:57.531 INFO  --- [main] o.s.w.s.m.m.a.RequestMappingHandlerMapping : Mapped "{[/sign/post],methods=[POST]}" onto public java.lang.String com.board.controller.SignBoardController.signpost(com.board.domain.Sign) throws java.lang.Exception 
2018:01:02 20:01:57.532 INFO  --- [main] o.s.w.s.m.m.a.RequestMappingHandlerMapping : Mapped "{[/sign/permit],methods=[POST]}" onto public java.lang.String com.board.controller.SignBoardController.signok(org.springframework.security.core.userdetails.UserDetails,com.board.domain.Sign) throws java.lang.Exception 
2018:01:02 20:01:57.532 INFO  --- [main] o.s.w.s.m.m.a.RequestMappingHandlerMapping : Mapped "{[/sign/check/{signno}],methods=[GET]}" onto public org.springframework.web.servlet.ModelAndView com.board.controller.SignBoardController.signview(int,org.springframework.security.core.userdetails.UserDetails) throws java.lang.Exception 
2018:01:02 20:01:57.537 INFO  --- [main] o.s.w.s.m.m.a.RequestMappingHandlerMapping : Mapped "{[/sign],methods=[GET]}" onto public org.springframework.web.servlet.ModelAndView com.board.controller.SignBoardController.signready(org.springframework.security.core.userdetails.UserDetails) throws java.lang.Exception 
2018:01:02 20:01:57.538 INFO  --- [main] o.s.w.s.m.m.a.RequestMappingHandlerMapping : Mapped "{[/sign/{docno}],methods=[GET]}" onto public org.springframework.web.servlet.ModelAndView com.board.controller.SignBoardController.signwrite(int,org.springframework.security.core.userdetails.UserDetails) throws java.lang.Exception 
2018:01:02 20:01:57.540 INFO  --- [main] o.s.w.s.m.m.a.RequestMappingHandlerMapping : Mapped "{[/error]}" onto public org.springframework.http.ResponseEntity<java.util.Map<java.lang.String, java.lang.Object>> org.springframework.boot.autoconfigure.web.BasicErrorController.error(javax.servlet.http.HttpServletRequest) 
2018:01:02 20:01:57.541 INFO  --- [main] o.s.w.s.m.m.a.RequestMappingHandlerMapping : Mapped "{[/error],produces=[text/html]}" onto public org.springframework.web.servlet.ModelAndView org.springframework.boot.autoconfigure.web.BasicErrorController.errorHtml(javax.servlet.http.HttpServletRequest,javax.servlet.http.HttpServletResponse) 
2018:01:02 20:01:57.583 INFO  --- [main] o.s.w.s.h.SimpleUrlHandlerMapping : Mapped URL path [/webjars/**] onto handler of type [class org.springframework.web.servlet.resource.ResourceHttpRequestHandler] 
2018:01:02 20:01:57.583 INFO  --- [main] o.s.w.s.h.SimpleUrlHandlerMapping : Mapped URL path [/**] onto handler of type [class org.springframework.web.servlet.resource.ResourceHttpRequestHandler] 
2018:01:02 20:01:57.625 INFO  --- [main] o.s.w.s.h.SimpleUrlHandlerMapping : Mapped URL path [/**/favicon.ico] onto handler of type [class org.springframework.web.servlet.resource.ResourceHttpRequestHandler] 
2018:01:02 20:01:57.663 INFO  --- [main] o.s.b.a.w.WebMvcAutoConfiguration$WelcomePageHandlerMapping : Adding welcome page: class path resource [static/index.html] 
2018:01:02 20:01:57.891 INFO  --- [main] o.s.j.e.a.AnnotationMBeanExporter : Registering beans for JMX exposure on startup 
2018:01:02 20:01:57.962 INFO  --- [main] o.s.b.c.e.t.TomcatEmbeddedServletContainer : Tomcat started on port(s): 8080 (http) 
2018:01:02 20:01:57.966 INFO  --- [main] com.board.BoardApplication : Started BoardApplication in 5.064 seconds (JVM running for 5.968) 
