2017:08:01 16:32:18.865 INFO  --- [main] com.board.BoardApplication : Starting BoardApplication on HP with PID 11344 (A:\Develop\workspace\board\target\classes started by shdke in A:\Develop\workspace\board) 
2017:08:01 16:32:18.865 INFO  --- [main] com.board.BoardApplication : No active profile set, falling back to default profiles: default 
2017:08:01 16:32:18.934 INFO  --- [main] o.s.b.c.e.AnnotationConfigEmbeddedWebApplicationContext : Refreshing org.springframework.boot.context.embedded.AnnotationConfigEmbeddedWebApplicationContext@b927fb: startup date [Tue Aug 01 16:32:18 KST 2017]; root of context hierarchy 
2017:08:01 16:32:20.463 INFO  --- [main] o.s.b.c.e.t.TomcatEmbeddedServletContainer : Tomcat initialized with port(s): 8080 (http) 
2017:08:01 16:32:20.491 INFO  --- [main] o.a.catalina.core.StandardService : Starting service Tomcat 
2017:08:01 16:32:20.491 INFO  --- [main] o.a.catalina.core.StandardEngine : Starting Servlet Engine: Apache Tomcat/8.5.14 
2017:08:01 16:32:20.820 INFO  --- [localhost-startStop-1] o.apache.jasper.servlet.TldScanner : At least one JAR was scanned for TLDs yet contained no TLDs. Enable debug logging for this logger for a complete list of JARs that were scanned but no TLDs were found in them. Skipping unneeded JARs during scanning can improve startup time and JSP compilation time. 
2017:08:01 16:32:20.820 INFO  --- [localhost-startStop-1] o.a.c.c.C.[Tomcat].[localhost].[/] : Initializing Spring embedded WebApplicationContext 
2017:08:01 16:32:20.836 INFO  --- [localhost-startStop-1] o.s.web.context.ContextLoader : Root WebApplicationContext: initialization completed in 1902 ms 
2017:08:01 16:32:21.052 INFO  --- [localhost-startStop-1] o.s.b.w.s.FilterRegistrationBean : Mapping filter: 'simpleCorsFilter' to: [/*] 
2017:08:01 16:32:21.052 INFO  --- [localhost-startStop-1] o.s.b.w.s.FilterRegistrationBean : Mapping filter: 'characterEncodingFilter' to: [/*] 
2017:08:01 16:32:21.052 INFO  --- [localhost-startStop-1] o.s.b.w.s.FilterRegistrationBean : Mapping filter: 'httpPutFormContentFilter' to: [/*] 
2017:08:01 16:32:21.068 INFO  --- [localhost-startStop-1] o.s.b.w.s.FilterRegistrationBean : Mapping filter: 'requestContextFilter' to: [/*] 
2017:08:01 16:32:21.068 INFO  --- [localhost-startStop-1] o.s.b.w.s.DelegatingFilterProxyRegistrationBean : Mapping filter: 'springSecurityFilterChain' to: [/*] 
2017:08:01 16:32:21.068 INFO  --- [localhost-startStop-1] o.s.b.w.s.FilterRegistrationBean : Mapping filter: 'hiddenHttpMethodFilter' to: [/*] 
2017:08:01 16:32:21.068 INFO  --- [localhost-startStop-1] o.s.b.w.s.ServletRegistrationBean : Mapping servlet: 'dispatcherServlet' to [/] 
2017:08:01 16:32:22.522 INFO  --- [main] o.s.s.w.DefaultSecurityFilterChain : Creating filter chain: org.springframework.security.web.util.matcher.AnyRequestMatcher@1, [org.springframework.security.web.context.request.async.WebAsyncManagerIntegrationFilter@12bfea, org.springframework.security.web.context.SecurityContextPersistenceFilter@573c86, org.springframework.security.web.header.HeaderWriterFilter@2b06fb, org.springframework.security.web.authentication.logout.LogoutFilter@6cf771, org.springframework.security.web.authentication.UsernamePasswordAuthenticationFilter@117b708, org.springframework.security.web.savedrequest.RequestCacheAwareFilter@229fa7, org.springframework.security.web.servletapi.SecurityContextHolderAwareRequestFilter@d1f1d4, org.springframework.security.web.authentication.AnonymousAuthenticationFilter@a6a68e, org.springframework.security.web.session.SessionManagementFilter@534b5b, org.springframework.security.web.access.ExceptionTranslationFilter@1d7796b, org.springframework.security.web.access.intercept.FilterSecurityInterceptor@35d3ed] 
2017:08:01 16:32:22.654 INFO  --- [main] o.s.w.s.m.m.a.RequestMappingHandlerAdapter : Looking for @ControllerAdvice: org.springframework.boot.context.embedded.AnnotationConfigEmbeddedWebApplicationContext@b927fb: startup date [Tue Aug 01 16:32:18 KST 2017]; root of context hierarchy 
2017:08:01 16:32:22.723 INFO  --- [main] o.s.w.s.m.m.a.RequestMappingHandlerMapping : Mapped "{[/board/post/{bno}],methods=[PATCH]}" onto public java.lang.String com.board.controller.BoardListController.update(com.board.domain.BoardVO,int) throws java.lang.Exception 
2017:08:01 16:32:22.723 INFO  --- [main] o.s.w.s.m.m.a.RequestMappingHandlerMapping : Mapped "{[/board/post],methods=[POST]}" onto public java.lang.String com.board.controller.BoardListController.write(com.board.domain.BoardVO) throws java.lang.Exception 
2017:08:01 16:32:22.738 INFO  --- [main] o.s.w.s.m.m.a.RequestMappingHandlerMapping : Mapped "{[/board/post/{bno}],methods=[DELETE]}" onto public java.lang.String com.board.controller.BoardListController.delete(int) throws java.lang.Exception 
2017:08:01 16:32:22.738 INFO  --- [main] o.s.w.s.m.m.a.RequestMappingHandlerMapping : Mapped "{[/board],methods=[GET]}" onto public org.springframework.web.servlet.ModelAndView com.board.controller.BoardListController.list() throws java.lang.Exception 
2017:08:01 16:32:22.738 INFO  --- [main] o.s.w.s.m.m.a.RequestMappingHandlerMapping : Mapped "{[/board/post/{bno}],methods=[GET]}" onto public org.springframework.web.servlet.ModelAndView com.board.controller.BoardListController.updateForm(int) throws java.lang.Exception 
2017:08:01 16:32:22.738 INFO  --- [main] o.s.w.s.m.m.a.RequestMappingHandlerMapping : Mapped "{[/board/{bno}],methods=[GET]}" onto public org.springframework.web.servlet.ModelAndView com.board.controller.BoardListController.view(int) throws java.lang.Exception 
2017:08:01 16:32:22.738 INFO  --- [main] o.s.w.s.m.m.a.RequestMappingHandlerMapping : Mapped "{[/board/post],methods=[GET]}" onto public org.springframework.web.servlet.ModelAndView com.board.controller.BoardListController.writeForm() throws java.lang.Exception 
2017:08:01 16:32:22.738 INFO  --- [main] o.s.w.s.m.m.a.RequestMappingHandlerMapping : Mapped "{[/board/daily],methods=[GET]}" onto public org.springframework.web.servlet.ModelAndView com.board.controller.BoardListController.list3(javax.servlet.http.HttpServletRequest) throws java.lang.Exception 
2017:08:01 16:32:22.738 INFO  --- [main] o.s.w.s.m.m.a.RequestMappingHandlerMapping : Mapped "{[/board],methods=[POST]}" onto public org.springframework.web.servlet.ModelAndView com.board.controller.BoardListController.list2() throws java.lang.Exception 
2017:08:01 16:32:22.738 INFO  --- [main] o.s.w.s.m.m.a.RequestMappingHandlerMapping : Mapped "{[/createmember],methods=[POST]}" onto public java.lang.String com.board.controller.LoginController.join(com.board.domain.User) throws java.lang.Exception 
2017:08:01 16:32:22.738 INFO  --- [main] o.s.w.s.m.m.a.RequestMappingHandlerMapping : Mapped "{[/login],methods=[GET]}" onto public org.springframework.web.servlet.ModelAndView com.board.controller.LoginController.login() throws java.lang.Exception 
2017:08:01 16:32:22.738 INFO  --- [main] o.s.w.s.m.m.a.RequestMappingHandlerMapping : Mapped "{[/login],methods=[POST]}" onto public java.lang.String com.board.controller.LoginController.login(com.board.domain.AuthenticationRequest,javax.servlet.http.HttpSession) 
2017:08:01 16:32:22.738 INFO  --- [main] o.s.w.s.m.m.a.RequestMappingHandlerMapping : Mapped "{[/createmember],methods=[GET]}" onto public org.springframework.web.servlet.ModelAndView com.board.controller.LoginController.joinform() throws java.lang.Exception 
2017:08:01 16:32:22.738 INFO  --- [main] o.s.w.s.m.m.a.RequestMappingHandlerMapping : Mapped "{[/member/{username}],methods=[PATCH]}" onto public java.lang.String com.board.controller.MemberController.update(com.board.domain.User,java.lang.String) throws java.lang.Exception 
2017:08:01 16:32:22.754 INFO  --- [main] o.s.w.s.m.m.a.RequestMappingHandlerMapping : Mapped "{[/member],methods=[GET]}" onto public org.springframework.web.servlet.ModelAndView com.board.controller.MemberController.list(org.springframework.security.core.userdetails.UserDetails) throws com.board.controller.CustomAuthException 
2017:08:01 16:32:22.754 INFO  --- [main] o.s.w.s.m.m.a.RequestMappingHandlerMapping : Mapped "{[/member/{username}],methods=[GET]}" onto public org.springframework.web.servlet.ModelAndView com.board.controller.MemberController.updateform(java.lang.String) throws java.lang.Exception 
2017:08:01 16:32:22.754 INFO  --- [main] o.s.w.s.m.m.a.RequestMappingHandlerMapping : Mapped "{[/reply],methods=[POST]}" onto public java.lang.String com.board.controller.ReplyController.replyInsert(com.board.domain.Reply,org.apache.catalina.servlet4preview.http.HttpServletRequest,com.board.domain.User) throws java.lang.Exception 
2017:08:01 16:32:22.754 INFO  --- [main] o.s.w.s.m.m.a.RequestMappingHandlerMapping : Mapped "{[/sign/{docno}],methods=[GET]}" onto public org.springframework.web.servlet.ModelAndView com.board.controller.SignBoardController.signwrite(int,org.springframework.security.core.userdetails.UserDetails) throws java.lang.Exception 
2017:08:01 16:32:22.754 INFO  --- [main] o.s.w.s.m.m.a.RequestMappingHandlerMapping : Mapped "{[/sign],methods=[GET]}" onto public org.springframework.web.servlet.ModelAndView com.board.controller.SignBoardController.signready(org.springframework.security.core.userdetails.UserDetails) throws java.lang.Exception 
2017:08:01 16:32:22.754 INFO  --- [main] o.s.w.s.m.m.a.RequestMappingHandlerMapping : Mapped "{[/sign/permit],methods=[POST]}" onto public org.springframework.web.servlet.ModelAndView com.board.controller.SignBoardController.signok(org.springframework.security.core.userdetails.UserDetails,com.board.domain.Sign) throws java.lang.Exception 
2017:08:01 16:32:22.754 INFO  --- [main] o.s.w.s.m.m.a.RequestMappingHandlerMapping : Mapped "{[/sign/post],methods=[POST]}" onto public java.lang.String com.board.controller.SignBoardController.signpost(com.board.domain.Sign) throws java.lang.Exception 
2017:08:01 16:32:22.754 INFO  --- [main] o.s.w.s.m.m.a.RequestMappingHandlerMapping : Mapped "{[/sign/check/{signno}],methods=[GET]}" onto public org.springframework.web.servlet.ModelAndView com.board.controller.SignBoardController.signview(int,org.springframework.security.core.userdetails.UserDetails) throws java.lang.Exception 
2017:08:01 16:32:22.754 INFO  --- [main] o.s.w.s.m.m.a.RequestMappingHandlerMapping : Mapped "{[/sign/post],methods=[GET]}" onto public org.springframework.web.servlet.ModelAndView com.board.controller.SignBoardController.signlist() throws java.lang.Exception 
2017:08:01 16:32:22.754 INFO  --- [main] o.s.w.s.m.m.a.RequestMappingHandlerMapping : Mapped "{[/error]}" onto public org.springframework.http.ResponseEntity<java.util.Map<java.lang.String, java.lang.Object>> org.springframework.boot.autoconfigure.web.BasicErrorController.error(javax.servlet.http.HttpServletRequest) 
2017:08:01 16:32:22.754 INFO  --- [main] o.s.w.s.m.m.a.RequestMappingHandlerMapping : Mapped "{[/error],produces=[text/html]}" onto public org.springframework.web.servlet.ModelAndView org.springframework.boot.autoconfigure.web.BasicErrorController.errorHtml(javax.servlet.http.HttpServletRequest,javax.servlet.http.HttpServletResponse) 
2017:08:01 16:32:22.801 INFO  --- [main] o.s.w.s.h.SimpleUrlHandlerMapping : Mapped URL path [/webjars/**] onto handler of type [class org.springframework.web.servlet.resource.ResourceHttpRequestHandler] 
2017:08:01 16:32:22.801 INFO  --- [main] o.s.w.s.h.SimpleUrlHandlerMapping : Mapped URL path [/**] onto handler of type [class org.springframework.web.servlet.resource.ResourceHttpRequestHandler] 
2017:08:01 16:32:22.839 INFO  --- [main] o.s.w.s.h.SimpleUrlHandlerMapping : Mapped URL path [/**/favicon.ico] onto handler of type [class org.springframework.web.servlet.resource.ResourceHttpRequestHandler] 
2017:08:01 16:32:22.854 INFO  --- [main] o.s.b.a.w.WebMvcAutoConfiguration$WelcomePageHandlerMapping : Adding welcome page: class path resource [static/index.html] 
2017:08:01 16:32:23.085 INFO  --- [main] o.s.j.e.a.AnnotationMBeanExporter : Registering beans for JMX exposure on startup 
2017:08:01 16:32:23.170 INFO  --- [main] o.s.b.c.e.t.TomcatEmbeddedServletContainer : Tomcat started on port(s): 8080 (http) 
2017:08:01 16:32:23.170 INFO  --- [main] com.board.BoardApplication : Started BoardApplication in 4.726 seconds (JVM running for 5.449) 
2017:08:01 16:32:29.571 INFO  --- [http-nio-8080-exec-1] o.a.c.c.C.[Tomcat].[localhost].[/] : Initializing Spring FrameworkServlet 'dispatcherServlet' 
2017:08:01 16:32:29.582 INFO  --- [http-nio-8080-exec-1] o.s.web.servlet.DispatcherServlet : FrameworkServlet 'dispatcherServlet': initialization started 
2017:08:01 16:32:29.622 INFO  --- [http-nio-8080-exec-1] o.s.web.servlet.DispatcherServlet : FrameworkServlet 'dispatcherServlet': initialization completed in 36 ms 
2017:08:01 16:48:01.200 INFO  --- [main] com.board.BoardApplication : Starting BoardApplication on HP with PID 13376 (A:\Develop\workspace\board\target\classes started by shdke in A:\Develop\workspace\board) 
2017:08:01 16:48:01.200 INFO  --- [main] com.board.BoardApplication : No active profile set, falling back to default profiles: default 
2017:08:01 16:48:01.263 INFO  --- [main] o.s.b.c.e.AnnotationConfigEmbeddedWebApplicationContext : Refreshing org.springframework.boot.context.embedded.AnnotationConfigEmbeddedWebApplicationContext@b927fb: startup date [Tue Aug 01 16:48:01 KST 2017]; root of context hierarchy 
2017:08:01 16:48:02.736 INFO  --- [main] o.s.b.c.e.t.TomcatEmbeddedServletContainer : Tomcat initialized with port(s): 8080 (http) 
2017:08:01 16:48:02.755 INFO  --- [main] o.a.catalina.core.StandardService : Starting service Tomcat 
2017:08:01 16:48:02.755 INFO  --- [main] o.a.catalina.core.StandardEngine : Starting Servlet Engine: Apache Tomcat/8.5.14 
2017:08:01 16:48:02.998 INFO  --- [localhost-startStop-1] o.apache.jasper.servlet.TldScanner : At least one JAR was scanned for TLDs yet contained no TLDs. Enable debug logging for this logger for a complete list of JARs that were scanned but no TLDs were found in them. Skipping unneeded JARs during scanning can improve startup time and JSP compilation time. 
2017:08:01 16:48:03.004 INFO  --- [localhost-startStop-1] o.a.c.c.C.[Tomcat].[localhost].[/] : Initializing Spring embedded WebApplicationContext 
2017:08:01 16:48:03.004 INFO  --- [localhost-startStop-1] o.s.web.context.ContextLoader : Root WebApplicationContext: initialization completed in 1741 ms 
2017:08:01 16:48:03.220 INFO  --- [localhost-startStop-1] o.s.b.w.s.FilterRegistrationBean : Mapping filter: 'simpleCorsFilter' to: [/*] 
2017:08:01 16:48:03.220 INFO  --- [localhost-startStop-1] o.s.b.w.s.FilterRegistrationBean : Mapping filter: 'characterEncodingFilter' to: [/*] 
2017:08:01 16:48:03.220 INFO  --- [localhost-startStop-1] o.s.b.w.s.FilterRegistrationBean : Mapping filter: 'httpPutFormContentFilter' to: [/*] 
2017:08:01 16:48:03.236 INFO  --- [localhost-startStop-1] o.s.b.w.s.FilterRegistrationBean : Mapping filter: 'requestContextFilter' to: [/*] 
2017:08:01 16:48:03.236 INFO  --- [localhost-startStop-1] o.s.b.w.s.DelegatingFilterProxyRegistrationBean : Mapping filter: 'springSecurityFilterChain' to: [/*] 
2017:08:01 16:48:03.236 INFO  --- [localhost-startStop-1] o.s.b.w.s.FilterRegistrationBean : Mapping filter: 'hiddenHttpMethodFilter' to: [/*] 
2017:08:01 16:48:03.236 INFO  --- [localhost-startStop-1] o.s.b.w.s.ServletRegistrationBean : Mapping servlet: 'dispatcherServlet' to [/] 
2017:08:01 16:48:04.606 INFO  --- [main] o.s.s.w.DefaultSecurityFilterChain : Creating filter chain: org.springframework.security.web.util.matcher.AnyRequestMatcher@1, [org.springframework.security.web.context.request.async.WebAsyncManagerIntegrationFilter@143a322, org.springframework.security.web.context.SecurityContextPersistenceFilter@229fa7, org.springframework.security.web.header.HeaderWriterFilter@534b5b, org.springframework.security.web.authentication.logout.LogoutFilter@1ed09e8, org.springframework.security.web.authentication.UsernamePasswordAuthenticationFilter@51d054, org.springframework.security.web.savedrequest.RequestCacheAwareFilter@158daf2, org.springframework.security.web.servletapi.SecurityContextHolderAwareRequestFilter@389761, org.springframework.security.web.authentication.AnonymousAuthenticationFilter@1316f3a, org.springframework.security.web.session.SessionManagementFilter@122a1cc, org.springframework.security.web.access.ExceptionTranslationFilter@1402ba1, org.springframework.security.web.access.intercept.FilterSecurityInterceptor@213a0d] 
2017:08:01 16:48:04.726 INFO  --- [main] o.s.w.s.m.m.a.RequestMappingHandlerAdapter : Looking for @ControllerAdvice: org.springframework.boot.context.embedded.AnnotationConfigEmbeddedWebApplicationContext@b927fb: startup date [Tue Aug 01 16:48:01 KST 2017]; root of context hierarchy 
2017:08:01 16:48:04.819 INFO  --- [main] o.s.w.s.m.m.a.RequestMappingHandlerMapping : Mapped "{[/board/post/{bno}],methods=[PATCH]}" onto public java.lang.String com.board.controller.BoardListController.update(com.board.domain.BoardVO,int) throws java.lang.Exception 
2017:08:01 16:48:04.820 INFO  --- [main] o.s.w.s.m.m.a.RequestMappingHandlerMapping : Mapped "{[/board/post],methods=[POST]}" onto public java.lang.String com.board.controller.BoardListController.write(com.board.domain.BoardVO) throws java.lang.Exception 
2017:08:01 16:48:04.825 INFO  --- [main] o.s.w.s.m.m.a.RequestMappingHandlerMapping : Mapped "{[/board/post/{bno}],methods=[DELETE]}" onto public java.lang.String com.board.controller.BoardListController.delete(int) throws java.lang.Exception 
2017:08:01 16:48:04.825 INFO  --- [main] o.s.w.s.m.m.a.RequestMappingHandlerMapping : Mapped "{[/board],methods=[GET]}" onto public org.springframework.web.servlet.ModelAndView com.board.controller.BoardListController.list() throws java.lang.Exception 
2017:08:01 16:48:04.826 INFO  --- [main] o.s.w.s.m.m.a.RequestMappingHandlerMapping : Mapped "{[/board/post/{bno}],methods=[GET]}" onto public org.springframework.web.servlet.ModelAndView com.board.controller.BoardListController.updateForm(int) throws java.lang.Exception 
2017:08:01 16:48:04.827 INFO  --- [main] o.s.w.s.m.m.a.RequestMappingHandlerMapping : Mapped "{[/board/{bno}],methods=[GET]}" onto public org.springframework.web.servlet.ModelAndView com.board.controller.BoardListController.view(int) throws java.lang.Exception 
2017:08:01 16:48:04.836 INFO  --- [main] o.s.w.s.m.m.a.RequestMappingHandlerMapping : Mapped "{[/board/post],methods=[GET]}" onto public org.springframework.web.servlet.ModelAndView com.board.controller.BoardListController.writeForm() throws java.lang.Exception 
2017:08:01 16:48:04.837 INFO  --- [main] o.s.w.s.m.m.a.RequestMappingHandlerMapping : Mapped "{[/board],methods=[POST]}" onto public org.springframework.web.servlet.ModelAndView com.board.controller.BoardListController.list2() throws java.lang.Exception 
2017:08:01 16:48:04.837 INFO  --- [main] o.s.w.s.m.m.a.RequestMappingHandlerMapping : Mapped "{[/board/daily],methods=[GET]}" onto public org.springframework.web.servlet.ModelAndView com.board.controller.BoardListController.list3(javax.servlet.http.HttpServletRequest) throws java.lang.Exception 
2017:08:01 16:48:04.838 INFO  --- [main] o.s.w.s.m.m.a.RequestMappingHandlerMapping : Mapped "{[/createmember],methods=[POST]}" onto public java.lang.String com.board.controller.LoginController.join(com.board.domain.User) throws java.lang.Exception 
2017:08:01 16:48:04.839 INFO  --- [main] o.s.w.s.m.m.a.RequestMappingHandlerMapping : Mapped "{[/login],methods=[GET]}" onto public org.springframework.web.servlet.ModelAndView com.board.controller.LoginController.login() throws java.lang.Exception 
2017:08:01 16:48:04.839 INFO  --- [main] o.s.w.s.m.m.a.RequestMappingHandlerMapping : Mapped "{[/login],methods=[POST]}" onto public java.lang.String com.board.controller.LoginController.login(com.board.domain.AuthenticationRequest,javax.servlet.http.HttpSession) 
2017:08:01 16:48:04.840 INFO  --- [main] o.s.w.s.m.m.a.RequestMappingHandlerMapping : Mapped "{[/createmember],methods=[GET]}" onto public org.springframework.web.servlet.ModelAndView com.board.controller.LoginController.joinform() throws java.lang.Exception 
2017:08:01 16:48:04.843 INFO  --- [main] o.s.w.s.m.m.a.RequestMappingHandlerMapping : Mapped "{[/member/{username}],methods=[PATCH]}" onto public java.lang.String com.board.controller.MemberController.update(com.board.domain.User,java.lang.String) throws java.lang.Exception 
2017:08:01 16:48:04.847 INFO  --- [main] o.s.w.s.m.m.a.RequestMappingHandlerMapping : Mapped "{[/member],methods=[GET]}" onto public org.springframework.web.servlet.ModelAndView com.board.controller.MemberController.list(org.springframework.security.core.userdetails.UserDetails) throws com.board.controller.CustomAuthException 
2017:08:01 16:48:04.848 INFO  --- [main] o.s.w.s.m.m.a.RequestMappingHandlerMapping : Mapped "{[/member/{username}],methods=[GET]}" onto public org.springframework.web.servlet.ModelAndView com.board.controller.MemberController.updateform(java.lang.String) throws java.lang.Exception 
2017:08:01 16:48:04.849 INFO  --- [main] o.s.w.s.m.m.a.RequestMappingHandlerMapping : Mapped "{[/reply],methods=[POST]}" onto public java.lang.String com.board.controller.ReplyController.replyInsert(com.board.domain.Reply,org.apache.catalina.servlet4preview.http.HttpServletRequest,com.board.domain.User) throws java.lang.Exception 
2017:08:01 16:48:04.853 INFO  --- [main] o.s.w.s.m.m.a.RequestMappingHandlerMapping : Mapped "{[/sign],methods=[GET]}" onto public org.springframework.web.servlet.ModelAndView com.board.controller.SignBoardController.signready(org.springframework.security.core.userdetails.UserDetails) throws java.lang.Exception 
2017:08:01 16:48:04.854 INFO  --- [main] o.s.w.s.m.m.a.RequestMappingHandlerMapping : Mapped "{[/sign/{docno}],methods=[GET]}" onto public org.springframework.web.servlet.ModelAndView com.board.controller.SignBoardController.signwrite(int,org.springframework.security.core.userdetails.UserDetails) throws java.lang.Exception 
2017:08:01 16:48:04.854 INFO  --- [main] o.s.w.s.m.m.a.RequestMappingHandlerMapping : Mapped "{[/sign/permit],methods=[POST]}" onto public org.springframework.web.servlet.ModelAndView com.board.controller.SignBoardController.signok(org.springframework.security.core.userdetails.UserDetails,com.board.domain.Sign) throws java.lang.Exception 
2017:08:01 16:48:04.854 INFO  --- [main] o.s.w.s.m.m.a.RequestMappingHandlerMapping : Mapped "{[/sign/post],methods=[GET]}" onto public org.springframework.web.servlet.ModelAndView com.board.controller.SignBoardController.signlist() throws java.lang.Exception 
2017:08:01 16:48:04.855 INFO  --- [main] o.s.w.s.m.m.a.RequestMappingHandlerMapping : Mapped "{[/sign/check/{signno}],methods=[GET]}" onto public org.springframework.web.servlet.ModelAndView com.board.controller.SignBoardController.signview(int,org.springframework.security.core.userdetails.UserDetails) throws java.lang.Exception 
2017:08:01 16:48:04.855 INFO  --- [main] o.s.w.s.m.m.a.RequestMappingHandlerMapping : Mapped "{[/sign/post],methods=[POST]}" onto public java.lang.String com.board.controller.SignBoardController.signpost(com.board.domain.Sign) throws java.lang.Exception 
2017:08:01 16:48:04.858 INFO  --- [main] o.s.w.s.m.m.a.RequestMappingHandlerMapping : Mapped "{[/error]}" onto public org.springframework.http.ResponseEntity<java.util.Map<java.lang.String, java.lang.Object>> org.springframework.boot.autoconfigure.web.BasicErrorController.error(javax.servlet.http.HttpServletRequest) 
2017:08:01 16:48:04.858 INFO  --- [main] o.s.w.s.m.m.a.RequestMappingHandlerMapping : Mapped "{[/error],produces=[text/html]}" onto public org.springframework.web.servlet.ModelAndView org.springframework.boot.autoconfigure.web.BasicErrorController.errorHtml(javax.servlet.http.HttpServletRequest,javax.servlet.http.HttpServletResponse) 
2017:08:01 16:48:04.898 INFO  --- [main] o.s.w.s.h.SimpleUrlHandlerMapping : Mapped URL path [/webjars/**] onto handler of type [class org.springframework.web.servlet.resource.ResourceHttpRequestHandler] 
2017:08:01 16:48:04.898 INFO  --- [main] o.s.w.s.h.SimpleUrlHandlerMapping : Mapped URL path [/**] onto handler of type [class org.springframework.web.servlet.resource.ResourceHttpRequestHandler] 
2017:08:01 16:48:04.948 INFO  --- [main] o.s.w.s.h.SimpleUrlHandlerMapping : Mapped URL path [/**/favicon.ico] onto handler of type [class org.springframework.web.servlet.resource.ResourceHttpRequestHandler] 
2017:08:01 16:48:04.970 INFO  --- [main] o.s.b.a.w.WebMvcAutoConfiguration$WelcomePageHandlerMapping : Adding welcome page: class path resource [static/index.html] 
2017:08:01 16:48:05.236 INFO  --- [main] o.s.j.e.a.AnnotationMBeanExporter : Registering beans for JMX exposure on startup 
2017:08:01 16:48:05.322 INFO  --- [main] o.s.b.c.e.t.TomcatEmbeddedServletContainer : Tomcat started on port(s): 8080 (http) 
2017:08:01 16:48:05.327 INFO  --- [main] com.board.BoardApplication : Started BoardApplication in 4.529 seconds (JVM running for 5.239) 
2017:08:01 16:48:53.552 INFO  --- [http-nio-8080-exec-1] o.a.c.c.C.[Tomcat].[localhost].[/] : Initializing Spring FrameworkServlet 'dispatcherServlet' 
2017:08:01 16:48:53.566 INFO  --- [http-nio-8080-exec-1] o.s.web.servlet.DispatcherServlet : FrameworkServlet 'dispatcherServlet': initialization started 
2017:08:01 16:48:53.595 INFO  --- [http-nio-8080-exec-1] o.s.web.servlet.DispatcherServlet : FrameworkServlet 'dispatcherServlet': initialization completed in 24 ms 
