2017:12:22 21:26:37.776 INFO  --- [main] com.board.BoardApplication : Starting BoardApplication on HP with PID 14868 (A:\Develop\workspace\board\target\classes started by pi in A:\Develop\workspace\board) 
2017:12:22 21:26:37.783 INFO  --- [main] com.board.BoardApplication : No active profile set, falling back to default profiles: default 
2017:12:22 21:26:37.855 INFO  --- [main] o.s.b.c.e.AnnotationConfigEmbeddedWebApplicationContext : Refreshing org.springframework.boot.context.embedded.AnnotationConfigEmbeddedWebApplicationContext@c7ffd3: startup date [Fri Dec 22 21:26:37 KST 2017]; root of context hierarchy 
2017:12:22 21:26:40.008 INFO  --- [main] o.s.b.c.e.t.TomcatEmbeddedServletContainer : Tomcat initialized with port(s): 8080 (http) 
2017:12:22 21:26:40.035 INFO  --- [main] o.a.catalina.core.StandardService : Starting service Tomcat 
2017:12:22 21:26:40.037 INFO  --- [main] o.a.catalina.core.StandardEngine : Starting Servlet Engine: Apache Tomcat/8.5.14 
2017:12:22 21:26:40.821 INFO  --- [localhost-startStop-1] o.apache.jasper.servlet.TldScanner : At least one JAR was scanned for TLDs yet contained no TLDs. Enable debug logging for this logger for a complete list of JARs that were scanned but no TLDs were found in them. Skipping unneeded JARs during scanning can improve startup time and JSP compilation time. 
2017:12:22 21:26:40.850 INFO  --- [localhost-startStop-1] o.a.c.c.C.[Tomcat].[localhost].[/] : Initializing Spring embedded WebApplicationContext 
2017:12:22 21:26:40.857 INFO  --- [localhost-startStop-1] o.s.web.context.ContextLoader : Root WebApplicationContext: initialization completed in 3002 ms 
2017:12:22 21:26:41.122 INFO  --- [localhost-startStop-1] o.s.b.w.s.FilterRegistrationBean : Mapping filter: 'simpleCorsFilter' to: [/*] 
2017:12:22 21:26:41.128 INFO  --- [localhost-startStop-1] o.s.b.w.s.FilterRegistrationBean : Mapping filter: 'characterEncodingFilter' to: [/*] 
2017:12:22 21:26:41.128 INFO  --- [localhost-startStop-1] o.s.b.w.s.FilterRegistrationBean : Mapping filter: 'httpPutFormContentFilter' to: [/*] 
2017:12:22 21:26:41.135 INFO  --- [localhost-startStop-1] o.s.b.w.s.FilterRegistrationBean : Mapping filter: 'requestContextFilter' to: [/*] 
2017:12:22 21:26:41.137 INFO  --- [localhost-startStop-1] o.s.b.w.s.DelegatingFilterProxyRegistrationBean : Mapping filter: 'springSecurityFilterChain' to: [/*] 
2017:12:22 21:26:41.137 INFO  --- [localhost-startStop-1] o.s.b.w.s.FilterRegistrationBean : Mapping filter: 'hiddenHttpMethodFilter' to: [/*] 
2017:12:22 21:26:41.138 INFO  --- [localhost-startStop-1] o.s.b.w.s.ServletRegistrationBean : Mapping servlet: 'dispatcherServlet' to [/] 
2017:12:22 21:26:43.216 INFO  --- [main] o.s.s.w.DefaultSecurityFilterChain : Creating filter chain: org.springframework.security.web.util.matcher.AnyRequestMatcher@1, [org.springframework.security.web.context.request.async.WebAsyncManagerIntegrationFilter@1b6d77f, org.springframework.security.web.context.SecurityContextPersistenceFilter@187bac9, org.springframework.security.web.header.HeaderWriterFilter@1c86db8, org.springframework.security.web.authentication.logout.LogoutFilter@13f6585, org.springframework.security.web.authentication.UsernamePasswordAuthenticationFilter@1f85fe1, org.springframework.security.web.savedrequest.RequestCacheAwareFilter@1139fc9, org.springframework.security.web.servletapi.SecurityContextHolderAwareRequestFilter@b28ff1, org.springframework.security.web.authentication.AnonymousAuthenticationFilter@66da85, org.springframework.security.web.session.SessionManagementFilter@c20bb4, org.springframework.security.web.access.ExceptionTranslationFilter@1b1f51e, org.springframework.security.web.access.intercept.FilterSecurityInterceptor@1289ac9] 
2017:12:22 21:26:43.393 INFO  --- [main] o.s.w.s.m.m.a.RequestMappingHandlerAdapter : Looking for @ControllerAdvice: org.springframework.boot.context.embedded.AnnotationConfigEmbeddedWebApplicationContext@c7ffd3: startup date [Fri Dec 22 21:26:37 KST 2017]; root of context hierarchy 
2017:12:22 21:26:43.525 INFO  --- [main] o.s.w.s.m.m.a.RequestMappingHandlerMapping : Mapped "{[/admin/{username}],methods=[PATCH]}" onto public java.lang.String com.board.controller.AdminController.update(com.board.domain.User,java.lang.String) throws java.lang.Exception 
2017:12:22 21:26:43.527 INFO  --- [main] o.s.w.s.m.m.a.RequestMappingHandlerMapping : Mapped "{[/admin],methods=[GET]}" onto public org.springframework.web.servlet.ModelAndView com.board.controller.AdminController.list(org.springframework.security.core.userdetails.UserDetails) throws com.board.controller.CustomAuthException 
2017:12:22 21:26:43.538 INFO  --- [main] o.s.w.s.m.m.a.RequestMappingHandlerMapping : Mapped "{[/admin/{username}],methods=[GET]}" onto public org.springframework.web.servlet.ModelAndView com.board.controller.AdminController.updateform(java.lang.String) throws java.lang.Exception 
2017:12:22 21:26:43.542 INFO  --- [main] o.s.w.s.m.m.a.RequestMappingHandlerMapping : Mapped "{[/board/post/{bno}],methods=[PATCH]}" onto public java.lang.String com.board.controller.BoardListController.update(com.board.domain.BoardVO,int) throws java.lang.Exception 
2017:12:22 21:26:43.552 INFO  --- [main] o.s.w.s.m.m.a.RequestMappingHandlerMapping : Mapped "{[/board/post],methods=[POST]}" onto public java.lang.String com.board.controller.BoardListController.write(com.board.domain.BoardVO) throws java.lang.Exception 
2017:12:22 21:26:43.553 INFO  --- [main] o.s.w.s.m.m.a.RequestMappingHandlerMapping : Mapped "{[/board/delete/{bno}],methods=[DELETE]}" onto public java.lang.String com.board.controller.BoardListController.delete(int) throws java.lang.Exception 
2017:12:22 21:26:43.565 INFO  --- [main] o.s.w.s.m.m.a.RequestMappingHandlerMapping : Mapped "{[/board],methods=[GET]}" onto public org.springframework.web.servlet.ModelAndView com.board.controller.BoardListController.list() throws java.lang.Exception 
2017:12:22 21:26:43.567 INFO  --- [main] o.s.w.s.m.m.a.RequestMappingHandlerMapping : Mapped "{[/board/post/{bno}],methods=[GET]}" onto public org.springframework.web.servlet.ModelAndView com.board.controller.BoardListController.updateForm(int) throws java.lang.Exception 
2017:12:22 21:26:43.568 INFO  --- [main] o.s.w.s.m.m.a.RequestMappingHandlerMapping : Mapped "{[/board/{bno}],methods=[GET]}" onto public org.springframework.web.servlet.ModelAndView com.board.controller.BoardListController.view(int,javax.servlet.http.HttpServletRequest,javax.servlet.http.HttpServletResponse) throws java.lang.Exception 
2017:12:22 21:26:43.569 INFO  --- [main] o.s.w.s.m.m.a.RequestMappingHandlerMapping : Mapped "{[/board/post],methods=[GET]}" onto public org.springframework.web.servlet.ModelAndView com.board.controller.BoardListController.writeForm() throws java.lang.Exception 
2017:12:22 21:26:43.570 INFO  --- [main] o.s.w.s.m.m.a.RequestMappingHandlerMapping : Mapped "{[/board/upload],methods=[POST]}" onto public void com.board.controller.BoardListController.upload(org.springframework.web.multipart.MultipartFile,javax.servlet.http.HttpServletRequest,javax.servlet.http.HttpServletResponse) 
2017:12:22 21:26:43.571 INFO  --- [main] o.s.w.s.m.m.a.RequestMappingHandlerMapping : Mapped "{[/board],methods=[POST]}" onto public org.springframework.web.servlet.ModelAndView com.board.controller.BoardListController.list2() throws java.lang.Exception 
2017:12:22 21:26:43.572 INFO  --- [main] o.s.w.s.m.m.a.RequestMappingHandlerMapping : Mapped "{[/board/daily],methods=[GET]}" onto public org.springframework.web.servlet.ModelAndView com.board.controller.BoardListController.list3(javax.servlet.http.HttpServletRequest) throws java.lang.Exception 
2017:12:22 21:26:43.576 INFO  --- [main] o.s.w.s.m.m.a.RequestMappingHandlerMapping : Mapped "{[/createmember],methods=[POST]}" onto public java.lang.String com.board.controller.LoginController.join(com.board.domain.User) throws java.lang.Exception 
2017:12:22 21:26:43.587 INFO  --- [main] o.s.w.s.m.m.a.RequestMappingHandlerMapping : Mapped "{[/test],methods=[GET]}" onto public org.springframework.web.servlet.ModelAndView com.board.controller.LoginController.test() throws java.lang.Exception 
2017:12:22 21:26:43.588 INFO  --- [main] o.s.w.s.m.m.a.RequestMappingHandlerMapping : Mapped "{[/checkId],methods=[GET || POST]}" onto public int com.board.controller.LoginController.idCheck(com.board.domain.User,org.springframework.ui.Model) throws java.lang.Exception 
2017:12:22 21:26:43.589 INFO  --- [main] o.s.w.s.m.m.a.RequestMappingHandlerMapping : Mapped "{[/login],methods=[GET]}" onto public org.springframework.web.servlet.ModelAndView com.board.controller.LoginController.login() throws java.lang.Exception 
2017:12:22 21:26:43.590 INFO  --- [main] o.s.w.s.m.m.a.RequestMappingHandlerMapping : Mapped "{[/login],methods=[POST]}" onto public java.lang.String com.board.controller.LoginController.login(com.board.domain.AuthenticationRequest,javax.servlet.http.HttpSession) throws java.io.IOException 
2017:12:22 21:26:43.590 INFO  --- [main] o.s.w.s.m.m.a.RequestMappingHandlerMapping : Mapped "{[/createmember],methods=[GET]}" onto public org.springframework.web.servlet.ModelAndView com.board.controller.LoginController.joinform() throws java.lang.Exception 
2017:12:22 21:26:43.594 INFO  --- [main] o.s.w.s.m.m.a.RequestMappingHandlerMapping : Mapped "{[/member/{username}],methods=[PATCH]}" onto public java.lang.String com.board.controller.MemberController.update(com.board.domain.User,java.lang.String) throws java.lang.Exception 
2017:12:22 21:26:43.595 INFO  --- [main] o.s.w.s.m.m.a.RequestMappingHandlerMapping : Mapped "{[/member/{username}],methods=[GET]}" onto public org.springframework.web.servlet.ModelAndView com.board.controller.MemberController.viewform(java.lang.String) throws java.lang.Exception 
2017:12:22 21:26:43.595 INFO  --- [main] o.s.w.s.m.m.a.RequestMappingHandlerMapping : Mapped "{[/member/post/{username}],methods=[GET]}" onto public org.springframework.web.servlet.ModelAndView com.board.controller.MemberController.updateform(java.lang.String) throws java.lang.Exception 
2017:12:22 21:26:43.596 INFO  --- [main] o.s.w.s.m.m.a.RequestMappingHandlerMapping : Mapped "{[/reply/delete/{r_no}],methods=[DELETE]}" onto public java.lang.String com.board.controller.ReplyController.delete(int,javax.servlet.http.HttpServletRequest) throws java.lang.Exception 
2017:12:22 21:26:43.597 INFO  --- [main] o.s.w.s.m.m.a.RequestMappingHandlerMapping : Mapped "{[/reply],methods=[POST]}" onto public java.lang.String com.board.controller.ReplyController.replyInsert(com.board.domain.Reply,javax.servlet.http.HttpServletRequest,com.board.domain.User) throws java.lang.Exception 
2017:12:22 21:26:43.599 INFO  --- [main] o.s.w.s.m.m.a.RequestMappingHandlerMapping : Mapped "{[/sign/{docno}],methods=[GET]}" onto public org.springframework.web.servlet.ModelAndView com.board.controller.SignBoardController.signwrite(int,org.springframework.security.core.userdetails.UserDetails) throws java.lang.Exception 
2017:12:22 21:26:43.600 INFO  --- [main] o.s.w.s.m.m.a.RequestMappingHandlerMapping : Mapped "{[/sign],methods=[GET]}" onto public org.springframework.web.servlet.ModelAndView com.board.controller.SignBoardController.signready(org.springframework.security.core.userdetails.UserDetails) throws java.lang.Exception 
2017:12:22 21:26:43.601 INFO  --- [main] o.s.w.s.m.m.a.RequestMappingHandlerMapping : Mapped "{[/sign/check/{signno}],methods=[GET]}" onto public org.springframework.web.servlet.ModelAndView com.board.controller.SignBoardController.signview(int,org.springframework.security.core.userdetails.UserDetails) throws java.lang.Exception 
2017:12:22 21:26:43.602 INFO  --- [main] o.s.w.s.m.m.a.RequestMappingHandlerMapping : Mapped "{[/sign/permit],methods=[POST]}" onto public java.lang.String com.board.controller.SignBoardController.signok(org.springframework.security.core.userdetails.UserDetails,com.board.domain.Sign) throws java.lang.Exception 
2017:12:22 21:26:43.603 INFO  --- [main] o.s.w.s.m.m.a.RequestMappingHandlerMapping : Mapped "{[/sign/post],methods=[GET]}" onto public org.springframework.web.servlet.ModelAndView com.board.controller.SignBoardController.signlist() throws java.lang.Exception 
2017:12:22 21:26:43.604 INFO  --- [main] o.s.w.s.m.m.a.RequestMappingHandlerMapping : Mapped "{[/sign/post],methods=[POST]}" onto public java.lang.String com.board.controller.SignBoardController.signpost(com.board.domain.Sign) throws java.lang.Exception 
2017:12:22 21:26:43.622 INFO  --- [main] o.s.w.s.m.m.a.RequestMappingHandlerMapping : Mapped "{[/error]}" onto public org.springframework.http.ResponseEntity<java.util.Map<java.lang.String, java.lang.Object>> org.springframework.boot.autoconfigure.web.BasicErrorController.error(javax.servlet.http.HttpServletRequest) 
2017:12:22 21:26:43.623 INFO  --- [main] o.s.w.s.m.m.a.RequestMappingHandlerMapping : Mapped "{[/error],produces=[text/html]}" onto public org.springframework.web.servlet.ModelAndView org.springframework.boot.autoconfigure.web.BasicErrorController.errorHtml(javax.servlet.http.HttpServletRequest,javax.servlet.http.HttpServletResponse) 
2017:12:22 21:26:43.681 INFO  --- [main] o.s.w.s.h.SimpleUrlHandlerMapping : Mapped URL path [/webjars/**] onto handler of type [class org.springframework.web.servlet.resource.ResourceHttpRequestHandler] 
2017:12:22 21:26:43.682 INFO  --- [main] o.s.w.s.h.SimpleUrlHandlerMapping : Mapped URL path [/**] onto handler of type [class org.springframework.web.servlet.resource.ResourceHttpRequestHandler] 
2017:12:22 21:26:43.790 INFO  --- [main] o.s.w.s.h.SimpleUrlHandlerMapping : Mapped URL path [/**/favicon.ico] onto handler of type [class org.springframework.web.servlet.resource.ResourceHttpRequestHandler] 
2017:12:22 21:26:43.834 INFO  --- [main] o.s.b.a.w.WebMvcAutoConfiguration$WelcomePageHandlerMapping : Adding welcome page: class path resource [static/index.html] 
2017:12:22 21:26:44.143 INFO  --- [main] o.s.j.e.a.AnnotationMBeanExporter : Registering beans for JMX exposure on startup 
2017:12:22 21:26:44.281 INFO  --- [main] o.s.b.c.e.t.TomcatEmbeddedServletContainer : Tomcat started on port(s): 8080 (http) 
2017:12:22 21:26:44.302 INFO  --- [main] com.board.BoardApplication : Started BoardApplication in 7.093 seconds (JVM running for 10.527) 
2017:12:22 21:32:49.045 INFO  --- [main] com.board.BoardApplication : Starting BoardApplication on HP with PID 15300 (A:\Develop\workspace\board\target\classes started by pi in A:\Develop\workspace\board) 
2017:12:22 21:32:49.052 INFO  --- [main] com.board.BoardApplication : No active profile set, falling back to default profiles: default 
2017:12:22 21:32:49.159 INFO  --- [main] o.s.b.c.e.AnnotationConfigEmbeddedWebApplicationContext : Refreshing org.springframework.boot.context.embedded.AnnotationConfigEmbeddedWebApplicationContext@c7ffd3: startup date [Fri Dec 22 21:32:49 KST 2017]; root of context hierarchy 
2017:12:22 21:32:51.459 INFO  --- [main] o.s.b.c.e.t.TomcatEmbeddedServletContainer : Tomcat initialized with port(s): 8080 (http) 
2017:12:22 21:32:51.488 INFO  --- [main] o.a.catalina.core.StandardService : Starting service Tomcat 
2017:12:22 21:32:51.490 INFO  --- [main] o.a.catalina.core.StandardEngine : Starting Servlet Engine: Apache Tomcat/8.5.14 
2017:12:22 21:32:51.939 INFO  --- [localhost-startStop-1] o.apache.jasper.servlet.TldScanner : At least one JAR was scanned for TLDs yet contained no TLDs. Enable debug logging for this logger for a complete list of JARs that were scanned but no TLDs were found in them. Skipping unneeded JARs during scanning can improve startup time and JSP compilation time. 
2017:12:22 21:32:51.945 INFO  --- [localhost-startStop-1] o.a.c.c.C.[Tomcat].[localhost].[/] : Initializing Spring embedded WebApplicationContext 
2017:12:22 21:32:51.965 INFO  --- [localhost-startStop-1] o.s.web.context.ContextLoader : Root WebApplicationContext: initialization completed in 2806 ms 
2017:12:22 21:32:52.180 INFO  --- [localhost-startStop-1] o.s.b.w.s.FilterRegistrationBean : Mapping filter: 'simpleCorsFilter' to: [/*] 
2017:12:22 21:32:52.181 INFO  --- [localhost-startStop-1] o.s.b.w.s.FilterRegistrationBean : Mapping filter: 'characterEncodingFilter' to: [/*] 
2017:12:22 21:32:52.181 INFO  --- [localhost-startStop-1] o.s.b.w.s.FilterRegistrationBean : Mapping filter: 'httpPutFormContentFilter' to: [/*] 
2017:12:22 21:32:52.188 INFO  --- [localhost-startStop-1] o.s.b.w.s.FilterRegistrationBean : Mapping filter: 'requestContextFilter' to: [/*] 
2017:12:22 21:32:52.189 INFO  --- [localhost-startStop-1] o.s.b.w.s.DelegatingFilterProxyRegistrationBean : Mapping filter: 'springSecurityFilterChain' to: [/*] 
2017:12:22 21:32:52.189 INFO  --- [localhost-startStop-1] o.s.b.w.s.FilterRegistrationBean : Mapping filter: 'hiddenHttpMethodFilter' to: [/*] 
2017:12:22 21:32:52.190 INFO  --- [localhost-startStop-1] o.s.b.w.s.ServletRegistrationBean : Mapping servlet: 'dispatcherServlet' to [/] 
2017:12:22 21:32:53.851 INFO  --- [main] o.s.s.w.DefaultSecurityFilterChain : Creating filter chain: org.springframework.security.web.util.matcher.AnyRequestMatcher@1, [org.springframework.security.web.context.request.async.WebAsyncManagerIntegrationFilter@924587, org.springframework.security.web.context.SecurityContextPersistenceFilter@7e2c64, org.springframework.security.web.header.HeaderWriterFilter@1e91b6, org.springframework.security.web.authentication.logout.LogoutFilter@1382338, org.springframework.security.web.authentication.UsernamePasswordAuthenticationFilter@95bf2a, org.springframework.security.web.savedrequest.RequestCacheAwareFilter@3864d5, org.springframework.security.web.servletapi.SecurityContextHolderAwareRequestFilter@1c86db8, org.springframework.security.web.authentication.AnonymousAuthenticationFilter@460128, org.springframework.security.web.session.SessionManagementFilter@d1230, org.springframework.security.web.access.ExceptionTranslationFilter@8a2a6a, org.springframework.security.web.access.intercept.FilterSecurityInterceptor@42ccce] 
2017:12:22 21:32:54.101 INFO  --- [main] o.s.w.s.m.m.a.RequestMappingHandlerAdapter : Looking for @ControllerAdvice: org.springframework.boot.context.embedded.AnnotationConfigEmbeddedWebApplicationContext@c7ffd3: startup date [Fri Dec 22 21:32:49 KST 2017]; root of context hierarchy 
2017:12:22 21:32:54.210 INFO  --- [main] o.s.w.s.m.m.a.RequestMappingHandlerMapping : Mapped "{[/admin/{username}],methods=[PATCH]}" onto public java.lang.String com.board.controller.AdminController.update(com.board.domain.User,java.lang.String) throws java.lang.Exception 
2017:12:22 21:32:54.211 INFO  --- [main] o.s.w.s.m.m.a.RequestMappingHandlerMapping : Mapped "{[/admin],methods=[GET]}" onto public org.springframework.web.servlet.ModelAndView com.board.controller.AdminController.list(org.springframework.security.core.userdetails.UserDetails) throws com.board.controller.CustomAuthException 
2017:12:22 21:32:54.218 INFO  --- [main] o.s.w.s.m.m.a.RequestMappingHandlerMapping : Mapped "{[/admin/{username}],methods=[GET]}" onto public org.springframework.web.servlet.ModelAndView com.board.controller.AdminController.updateform(java.lang.String) throws java.lang.Exception 
2017:12:22 21:32:54.222 INFO  --- [main] o.s.w.s.m.m.a.RequestMappingHandlerMapping : Mapped "{[/board/post/{bno}],methods=[PATCH]}" onto public java.lang.String com.board.controller.BoardListController.update(com.board.domain.BoardVO,int) throws java.lang.Exception 
2017:12:22 21:32:54.229 INFO  --- [main] o.s.w.s.m.m.a.RequestMappingHandlerMapping : Mapped "{[/board/post],methods=[POST]}" onto public java.lang.String com.board.controller.BoardListController.write(com.board.domain.BoardVO) throws java.lang.Exception 
2017:12:22 21:32:54.229 INFO  --- [main] o.s.w.s.m.m.a.RequestMappingHandlerMapping : Mapped "{[/board/delete/{bno}],methods=[DELETE]}" onto public java.lang.String com.board.controller.BoardListController.delete(int) throws java.lang.Exception 
2017:12:22 21:32:54.238 INFO  --- [main] o.s.w.s.m.m.a.RequestMappingHandlerMapping : Mapped "{[/board],methods=[GET]}" onto public org.springframework.web.servlet.ModelAndView com.board.controller.BoardListController.list() throws java.lang.Exception 
2017:12:22 21:32:54.239 INFO  --- [main] o.s.w.s.m.m.a.RequestMappingHandlerMapping : Mapped "{[/board/post/{bno}],methods=[GET]}" onto public org.springframework.web.servlet.ModelAndView com.board.controller.BoardListController.updateForm(int) throws java.lang.Exception 
2017:12:22 21:32:54.239 INFO  --- [main] o.s.w.s.m.m.a.RequestMappingHandlerMapping : Mapped "{[/board/{bno}],methods=[GET]}" onto public org.springframework.web.servlet.ModelAndView com.board.controller.BoardListController.view(int,javax.servlet.http.HttpServletRequest,javax.servlet.http.HttpServletResponse) throws java.lang.Exception 
2017:12:22 21:32:54.240 INFO  --- [main] o.s.w.s.m.m.a.RequestMappingHandlerMapping : Mapped "{[/board/post],methods=[GET]}" onto public org.springframework.web.servlet.ModelAndView com.board.controller.BoardListController.writeForm() throws java.lang.Exception 
2017:12:22 21:32:54.240 INFO  --- [main] o.s.w.s.m.m.a.RequestMappingHandlerMapping : Mapped "{[/board],methods=[POST]}" onto public org.springframework.web.servlet.ModelAndView com.board.controller.BoardListController.list2() throws java.lang.Exception 
2017:12:22 21:32:54.240 INFO  --- [main] o.s.w.s.m.m.a.RequestMappingHandlerMapping : Mapped "{[/board/daily],methods=[GET]}" onto public org.springframework.web.servlet.ModelAndView com.board.controller.BoardListController.list3(javax.servlet.http.HttpServletRequest) throws java.lang.Exception 
2017:12:22 21:32:54.241 INFO  --- [main] o.s.w.s.m.m.a.RequestMappingHandlerMapping : Mapped "{[/board/upload],methods=[POST]}" onto public void com.board.controller.BoardListController.upload(org.springframework.web.multipart.MultipartFile,javax.servlet.http.HttpServletRequest,javax.servlet.http.HttpServletResponse) 
2017:12:22 21:32:54.243 INFO  --- [main] o.s.w.s.m.m.a.RequestMappingHandlerMapping : Mapped "{[/createmember],methods=[POST]}" onto public java.lang.String com.board.controller.LoginController.join(com.board.domain.User) throws java.lang.Exception 
2017:12:22 21:32:54.249 INFO  --- [main] o.s.w.s.m.m.a.RequestMappingHandlerMapping : Mapped "{[/test],methods=[GET]}" onto public org.springframework.web.servlet.ModelAndView com.board.controller.LoginController.test() throws java.lang.Exception 
2017:12:22 21:32:54.250 INFO  --- [main] o.s.w.s.m.m.a.RequestMappingHandlerMapping : Mapped "{[/checkId],methods=[GET || POST]}" onto public int com.board.controller.LoginController.idCheck(com.board.domain.User,org.springframework.ui.Model) throws java.lang.Exception 
2017:12:22 21:32:54.250 INFO  --- [main] o.s.w.s.m.m.a.RequestMappingHandlerMapping : Mapped "{[/createmember],methods=[GET]}" onto public org.springframework.web.servlet.ModelAndView com.board.controller.LoginController.joinform() throws java.lang.Exception 
2017:12:22 21:32:54.250 INFO  --- [main] o.s.w.s.m.m.a.RequestMappingHandlerMapping : Mapped "{[/login],methods=[POST]}" onto public java.lang.String com.board.controller.LoginController.login(com.board.domain.AuthenticationRequest,javax.servlet.http.HttpSession) throws java.io.IOException 
2017:12:22 21:32:54.251 INFO  --- [main] o.s.w.s.m.m.a.RequestMappingHandlerMapping : Mapped "{[/login],methods=[GET]}" onto public org.springframework.web.servlet.ModelAndView com.board.controller.LoginController.login() throws java.lang.Exception 
2017:12:22 21:32:54.251 INFO  --- [main] o.s.w.s.m.m.a.RequestMappingHandlerMapping : Mapped "{[/oauth],methods=[GET || POST],produces=[application/json]}" onto public java.lang.String com.board.controller.LoginController.kakaoLogin(java.lang.String,javax.servlet.http.HttpServletRequest,javax.servlet.http.HttpServletResponse) 
2017:12:22 21:32:54.253 INFO  --- [main] o.s.w.s.m.m.a.RequestMappingHandlerMapping : Mapped "{[/member/{username}],methods=[PATCH]}" onto public java.lang.String com.board.controller.MemberController.update(com.board.domain.User,java.lang.String) throws java.lang.Exception 
2017:12:22 21:32:54.254 INFO  --- [main] o.s.w.s.m.m.a.RequestMappingHandlerMapping : Mapped "{[/member/{username}],methods=[GET]}" onto public org.springframework.web.servlet.ModelAndView com.board.controller.MemberController.viewform(java.lang.String) throws java.lang.Exception 
2017:12:22 21:32:54.254 INFO  --- [main] o.s.w.s.m.m.a.RequestMappingHandlerMapping : Mapped "{[/member/post/{username}],methods=[GET]}" onto public org.springframework.web.servlet.ModelAndView com.board.controller.MemberController.updateform(java.lang.String) throws java.lang.Exception 
2017:12:22 21:32:54.255 INFO  --- [main] o.s.w.s.m.m.a.RequestMappingHandlerMapping : Mapped "{[/reply/delete/{r_no}],methods=[DELETE]}" onto public java.lang.String com.board.controller.ReplyController.delete(int,javax.servlet.http.HttpServletRequest) throws java.lang.Exception 
2017:12:22 21:32:54.255 INFO  --- [main] o.s.w.s.m.m.a.RequestMappingHandlerMapping : Mapped "{[/reply],methods=[POST]}" onto public java.lang.String com.board.controller.ReplyController.replyInsert(com.board.domain.Reply,javax.servlet.http.HttpServletRequest,com.board.domain.User) throws java.lang.Exception 
2017:12:22 21:32:54.257 INFO  --- [main] o.s.w.s.m.m.a.RequestMappingHandlerMapping : Mapped "{[/sign/post],methods=[GET]}" onto public org.springframework.web.servlet.ModelAndView com.board.controller.SignBoardController.signlist() throws java.lang.Exception 
2017:12:22 21:32:54.257 INFO  --- [main] o.s.w.s.m.m.a.RequestMappingHandlerMapping : Mapped "{[/sign/post],methods=[POST]}" onto public java.lang.String com.board.controller.SignBoardController.signpost(com.board.domain.Sign) throws java.lang.Exception 
2017:12:22 21:32:54.258 INFO  --- [main] o.s.w.s.m.m.a.RequestMappingHandlerMapping : Mapped "{[/sign/check/{signno}],methods=[GET]}" onto public org.springframework.web.servlet.ModelAndView com.board.controller.SignBoardController.signview(int,org.springframework.security.core.userdetails.UserDetails) throws java.lang.Exception 
2017:12:22 21:32:54.258 INFO  --- [main] o.s.w.s.m.m.a.RequestMappingHandlerMapping : Mapped "{[/sign/permit],methods=[POST]}" onto public java.lang.String com.board.controller.SignBoardController.signok(org.springframework.security.core.userdetails.UserDetails,com.board.domain.Sign) throws java.lang.Exception 
2017:12:22 21:32:54.259 INFO  --- [main] o.s.w.s.m.m.a.RequestMappingHandlerMapping : Mapped "{[/sign],methods=[GET]}" onto public org.springframework.web.servlet.ModelAndView com.board.controller.SignBoardController.signready(org.springframework.security.core.userdetails.UserDetails) throws java.lang.Exception 
2017:12:22 21:32:54.266 INFO  --- [main] o.s.w.s.m.m.a.RequestMappingHandlerMapping : Mapped "{[/sign/{docno}],methods=[GET]}" onto public org.springframework.web.servlet.ModelAndView com.board.controller.SignBoardController.signwrite(int,org.springframework.security.core.userdetails.UserDetails) throws java.lang.Exception 
2017:12:22 21:32:54.270 INFO  --- [main] o.s.w.s.m.m.a.RequestMappingHandlerMapping : Mapped "{[/error]}" onto public org.springframework.http.ResponseEntity<java.util.Map<java.lang.String, java.lang.Object>> org.springframework.boot.autoconfigure.web.BasicErrorController.error(javax.servlet.http.HttpServletRequest) 
2017:12:22 21:32:54.270 INFO  --- [main] o.s.w.s.m.m.a.RequestMappingHandlerMapping : Mapped "{[/error],produces=[text/html]}" onto public org.springframework.web.servlet.ModelAndView org.springframework.boot.autoconfigure.web.BasicErrorController.errorHtml(javax.servlet.http.HttpServletRequest,javax.servlet.http.HttpServletResponse) 
2017:12:22 21:32:54.313 INFO  --- [main] o.s.w.s.h.SimpleUrlHandlerMapping : Mapped URL path [/webjars/**] onto handler of type [class org.springframework.web.servlet.resource.ResourceHttpRequestHandler] 
2017:12:22 21:32:54.313 INFO  --- [main] o.s.w.s.h.SimpleUrlHandlerMapping : Mapped URL path [/**] onto handler of type [class org.springframework.web.servlet.resource.ResourceHttpRequestHandler] 
2017:12:22 21:32:54.358 INFO  --- [main] o.s.w.s.h.SimpleUrlHandlerMapping : Mapped URL path [/**/favicon.ico] onto handler of type [class org.springframework.web.servlet.resource.ResourceHttpRequestHandler] 
2017:12:22 21:32:54.372 INFO  --- [main] o.s.b.a.w.WebMvcAutoConfiguration$WelcomePageHandlerMapping : Adding welcome page: class path resource [static/index.html] 
2017:12:22 21:32:54.661 INFO  --- [main] o.s.j.e.a.AnnotationMBeanExporter : Registering beans for JMX exposure on startup 
2017:12:22 21:32:54.813 INFO  --- [main] o.s.b.c.e.t.TomcatEmbeddedServletContainer : Tomcat started on port(s): 8080 (http) 
2017:12:22 21:32:54.836 INFO  --- [main] com.board.BoardApplication : Started BoardApplication in 6.304 seconds (JVM running for 7.486) 
2017:12:22 21:33:12.032 INFO  --- [http-nio-8080-exec-1] o.a.c.c.C.[Tomcat].[localhost].[/] : Initializing Spring FrameworkServlet 'dispatcherServlet' 
2017:12:22 21:33:12.044 INFO  --- [http-nio-8080-exec-1] o.s.web.servlet.DispatcherServlet : FrameworkServlet 'dispatcherServlet': initialization started 
2017:12:22 21:33:12.160 INFO  --- [http-nio-8080-exec-1] o.s.web.servlet.DispatcherServlet : FrameworkServlet 'dispatcherServlet': initialization completed in 115 ms 
2017:12:22 21:33:43.341 INFO  --- [main] com.board.BoardApplication : Starting BoardApplication on HP with PID 1068 (A:\Develop\workspace\board\target\classes started by pi in A:\Develop\workspace\board) 
2017:12:22 21:33:43.353 INFO  --- [main] com.board.BoardApplication : No active profile set, falling back to default profiles: default 
2017:12:22 21:33:43.457 INFO  --- [main] o.s.b.c.e.AnnotationConfigEmbeddedWebApplicationContext : Refreshing org.springframework.boot.context.embedded.AnnotationConfigEmbeddedWebApplicationContext@c7ffd3: startup date [Fri Dec 22 21:33:43 KST 2017]; root of context hierarchy 
2017:12:22 21:33:46.063 INFO  --- [main] o.s.b.c.e.t.TomcatEmbeddedServletContainer : Tomcat initialized with port(s): 8080 (http) 
2017:12:22 21:33:46.105 INFO  --- [main] o.a.catalina.core.StandardService : Starting service Tomcat 
2017:12:22 21:33:46.107 INFO  --- [main] o.a.catalina.core.StandardEngine : Starting Servlet Engine: Apache Tomcat/8.5.14 
2017:12:22 21:33:46.556 INFO  --- [localhost-startStop-1] o.apache.jasper.servlet.TldScanner : At least one JAR was scanned for TLDs yet contained no TLDs. Enable debug logging for this logger for a complete list of JARs that were scanned but no TLDs were found in them. Skipping unneeded JARs during scanning can improve startup time and JSP compilation time. 
2017:12:22 21:33:46.562 INFO  --- [localhost-startStop-1] o.a.c.c.C.[Tomcat].[localhost].[/] : Initializing Spring embedded WebApplicationContext 
2017:12:22 21:33:46.570 INFO  --- [localhost-startStop-1] o.s.web.context.ContextLoader : Root WebApplicationContext: initialization completed in 3113 ms 
2017:12:22 21:33:46.799 INFO  --- [localhost-startStop-1] o.s.b.w.s.FilterRegistrationBean : Mapping filter: 'simpleCorsFilter' to: [/*] 
2017:12:22 21:33:46.800 INFO  --- [localhost-startStop-1] o.s.b.w.s.FilterRegistrationBean : Mapping filter: 'characterEncodingFilter' to: [/*] 
2017:12:22 21:33:46.801 INFO  --- [localhost-startStop-1] o.s.b.w.s.FilterRegistrationBean : Mapping filter: 'httpPutFormContentFilter' to: [/*] 
2017:12:22 21:33:46.809 INFO  --- [localhost-startStop-1] o.s.b.w.s.FilterRegistrationBean : Mapping filter: 'requestContextFilter' to: [/*] 
2017:12:22 21:33:46.811 INFO  --- [localhost-startStop-1] o.s.b.w.s.DelegatingFilterProxyRegistrationBean : Mapping filter: 'springSecurityFilterChain' to: [/*] 
2017:12:22 21:33:46.811 INFO  --- [localhost-startStop-1] o.s.b.w.s.FilterRegistrationBean : Mapping filter: 'hiddenHttpMethodFilter' to: [/*] 
2017:12:22 21:33:46.812 INFO  --- [localhost-startStop-1] o.s.b.w.s.ServletRegistrationBean : Mapping servlet: 'dispatcherServlet' to [/] 
2017:12:22 21:33:48.543 INFO  --- [main] o.s.s.w.DefaultSecurityFilterChain : Creating filter chain: org.springframework.security.web.util.matcher.AnyRequestMatcher@1, [org.springframework.security.web.context.request.async.WebAsyncManagerIntegrationFilter@d3b638, org.springframework.security.web.context.SecurityContextPersistenceFilter@3864d5, org.springframework.security.web.header.HeaderWriterFilter@d1230, org.springframework.security.web.authentication.logout.LogoutFilter@1dc339f, org.springframework.security.web.authentication.UsernamePasswordAuthenticationFilter@1f6efdc, org.springframework.security.web.savedrequest.RequestCacheAwareFilter@b40e3b, org.springframework.security.web.servletapi.SecurityContextHolderAwareRequestFilter@c20bb4, org.springframework.security.web.authentication.AnonymousAuthenticationFilter@87c0c2, org.springframework.security.web.session.SessionManagementFilter@10bea4, org.springframework.security.web.access.ExceptionTranslationFilter@31cb64, org.springframework.security.web.access.intercept.FilterSecurityInterceptor@c0d0bd] 
2017:12:22 21:33:48.668 INFO  --- [main] o.s.w.s.m.m.a.RequestMappingHandlerAdapter : Looking for @ControllerAdvice: org.springframework.boot.context.embedded.AnnotationConfigEmbeddedWebApplicationContext@c7ffd3: startup date [Fri Dec 22 21:33:43 KST 2017]; root of context hierarchy 
2017:12:22 21:33:48.760 INFO  --- [main] o.s.w.s.m.m.a.RequestMappingHandlerMapping : Mapped "{[/admin/{username}],methods=[PATCH]}" onto public java.lang.String com.board.controller.AdminController.update(com.board.domain.User,java.lang.String) throws java.lang.Exception 
2017:12:22 21:33:48.762 INFO  --- [main] o.s.w.s.m.m.a.RequestMappingHandlerMapping : Mapped "{[/admin],methods=[GET]}" onto public org.springframework.web.servlet.ModelAndView com.board.controller.AdminController.list(org.springframework.security.core.userdetails.UserDetails) throws com.board.controller.CustomAuthException 
2017:12:22 21:33:48.768 INFO  --- [main] o.s.w.s.m.m.a.RequestMappingHandlerMapping : Mapped "{[/admin/{username}],methods=[GET]}" onto public org.springframework.web.servlet.ModelAndView com.board.controller.AdminController.updateform(java.lang.String) throws java.lang.Exception 
2017:12:22 21:33:48.772 INFO  --- [main] o.s.w.s.m.m.a.RequestMappingHandlerMapping : Mapped "{[/board/post/{bno}],methods=[PATCH]}" onto public java.lang.String com.board.controller.BoardListController.update(com.board.domain.BoardVO,int) throws java.lang.Exception 
2017:12:22 21:33:48.773 INFO  --- [main] o.s.w.s.m.m.a.RequestMappingHandlerMapping : Mapped "{[/board/post],methods=[POST]}" onto public java.lang.String com.board.controller.BoardListController.write(com.board.domain.BoardVO) throws java.lang.Exception 
2017:12:22 21:33:48.773 INFO  --- [main] o.s.w.s.m.m.a.RequestMappingHandlerMapping : Mapped "{[/board/delete/{bno}],methods=[DELETE]}" onto public java.lang.String com.board.controller.BoardListController.delete(int) throws java.lang.Exception 
2017:12:22 21:33:48.780 INFO  --- [main] o.s.w.s.m.m.a.RequestMappingHandlerMapping : Mapped "{[/board],methods=[GET]}" onto public org.springframework.web.servlet.ModelAndView com.board.controller.BoardListController.list() throws java.lang.Exception 
2017:12:22 21:33:48.781 INFO  --- [main] o.s.w.s.m.m.a.RequestMappingHandlerMapping : Mapped "{[/board/post/{bno}],methods=[GET]}" onto public org.springframework.web.servlet.ModelAndView com.board.controller.BoardListController.updateForm(int) throws java.lang.Exception 
2017:12:22 21:33:48.781 INFO  --- [main] o.s.w.s.m.m.a.RequestMappingHandlerMapping : Mapped "{[/board/{bno}],methods=[GET]}" onto public org.springframework.web.servlet.ModelAndView com.board.controller.BoardListController.view(int,javax.servlet.http.HttpServletRequest,javax.servlet.http.HttpServletResponse) throws java.lang.Exception 
2017:12:22 21:33:48.782 INFO  --- [main] o.s.w.s.m.m.a.RequestMappingHandlerMapping : Mapped "{[/board/post],methods=[GET]}" onto public org.springframework.web.servlet.ModelAndView com.board.controller.BoardListController.writeForm() throws java.lang.Exception 
2017:12:22 21:33:48.782 INFO  --- [main] o.s.w.s.m.m.a.RequestMappingHandlerMapping : Mapped "{[/board/daily],methods=[GET]}" onto public org.springframework.web.servlet.ModelAndView com.board.controller.BoardListController.list3(javax.servlet.http.HttpServletRequest) throws java.lang.Exception 
2017:12:22 21:33:48.783 INFO  --- [main] o.s.w.s.m.m.a.RequestMappingHandlerMapping : Mapped "{[/board/upload],methods=[POST]}" onto public void com.board.controller.BoardListController.upload(org.springframework.web.multipart.MultipartFile,javax.servlet.http.HttpServletRequest,javax.servlet.http.HttpServletResponse) 
2017:12:22 21:33:48.783 INFO  --- [main] o.s.w.s.m.m.a.RequestMappingHandlerMapping : Mapped "{[/board],methods=[POST]}" onto public org.springframework.web.servlet.ModelAndView com.board.controller.BoardListController.list2() throws java.lang.Exception 
2017:12:22 21:33:48.785 INFO  --- [main] o.s.w.s.m.m.a.RequestMappingHandlerMapping : Mapped "{[/createmember],methods=[POST]}" onto public java.lang.String com.board.controller.LoginController.join(com.board.domain.User) throws java.lang.Exception 
2017:12:22 21:33:48.792 INFO  --- [main] o.s.w.s.m.m.a.RequestMappingHandlerMapping : Mapped "{[/test],methods=[GET]}" onto public org.springframework.web.servlet.ModelAndView com.board.controller.LoginController.test() throws java.lang.Exception 
2017:12:22 21:33:48.792 INFO  --- [main] o.s.w.s.m.m.a.RequestMappingHandlerMapping : Mapped "{[/checkId],methods=[GET || POST]}" onto public int com.board.controller.LoginController.idCheck(com.board.domain.User,org.springframework.ui.Model) throws java.lang.Exception 
2017:12:22 21:33:48.793 INFO  --- [main] o.s.w.s.m.m.a.RequestMappingHandlerMapping : Mapped "{[/createmember],methods=[GET]}" onto public org.springframework.web.servlet.ModelAndView com.board.controller.LoginController.joinform() throws java.lang.Exception 
2017:12:22 21:33:48.793 INFO  --- [main] o.s.w.s.m.m.a.RequestMappingHandlerMapping : Mapped "{[/login],methods=[POST]}" onto public java.lang.String com.board.controller.LoginController.login(com.board.domain.AuthenticationRequest,javax.servlet.http.HttpSession) throws java.io.IOException 
2017:12:22 21:33:48.794 INFO  --- [main] o.s.w.s.m.m.a.RequestMappingHandlerMapping : Mapped "{[/login],methods=[GET]}" onto public org.springframework.web.servlet.ModelAndView com.board.controller.LoginController.login() throws java.lang.Exception 
2017:12:22 21:33:48.794 INFO  --- [main] o.s.w.s.m.m.a.RequestMappingHandlerMapping : Mapped "{[/oauth],methods=[GET || POST],produces=[application/json]}" onto public java.lang.String com.board.controller.LoginController.kakaoLogin(java.lang.String,javax.servlet.http.HttpServletRequest,javax.servlet.http.HttpServletResponse) 
2017:12:22 21:33:48.796 INFO  --- [main] o.s.w.s.m.m.a.RequestMappingHandlerMapping : Mapped "{[/member/{username}],methods=[PATCH]}" onto public java.lang.String com.board.controller.MemberController.update(com.board.domain.User,java.lang.String) throws java.lang.Exception 
2017:12:22 21:33:48.797 INFO  --- [main] o.s.w.s.m.m.a.RequestMappingHandlerMapping : Mapped "{[/member/{username}],methods=[GET]}" onto public org.springframework.web.servlet.ModelAndView com.board.controller.MemberController.viewform(java.lang.String) throws java.lang.Exception 
2017:12:22 21:33:48.797 INFO  --- [main] o.s.w.s.m.m.a.RequestMappingHandlerMapping : Mapped "{[/member/post/{username}],methods=[GET]}" onto public org.springframework.web.servlet.ModelAndView com.board.controller.MemberController.updateform(java.lang.String) throws java.lang.Exception 
2017:12:22 21:33:48.798 INFO  --- [main] o.s.w.s.m.m.a.RequestMappingHandlerMapping : Mapped "{[/reply/delete/{r_no}],methods=[DELETE]}" onto public java.lang.String com.board.controller.ReplyController.delete(int,javax.servlet.http.HttpServletRequest) throws java.lang.Exception 
2017:12:22 21:33:48.798 INFO  --- [main] o.s.w.s.m.m.a.RequestMappingHandlerMapping : Mapped "{[/reply],methods=[POST]}" onto public java.lang.String com.board.controller.ReplyController.replyInsert(com.board.domain.Reply,javax.servlet.http.HttpServletRequest,com.board.domain.User) throws java.lang.Exception 
2017:12:22 21:33:48.800 INFO  --- [main] o.s.w.s.m.m.a.RequestMappingHandlerMapping : Mapped "{[/sign/post],methods=[GET]}" onto public org.springframework.web.servlet.ModelAndView com.board.controller.SignBoardController.signlist() throws java.lang.Exception 
2017:12:22 21:33:48.801 INFO  --- [main] o.s.w.s.m.m.a.RequestMappingHandlerMapping : Mapped "{[/sign/permit],methods=[POST]}" onto public java.lang.String com.board.controller.SignBoardController.signok(org.springframework.security.core.userdetails.UserDetails,com.board.domain.Sign) throws java.lang.Exception 
2017:12:22 21:33:48.801 INFO  --- [main] o.s.w.s.m.m.a.RequestMappingHandlerMapping : Mapped "{[/sign/check/{signno}],methods=[GET]}" onto public org.springframework.web.servlet.ModelAndView com.board.controller.SignBoardController.signview(int,org.springframework.security.core.userdetails.UserDetails) throws java.lang.Exception 
2017:12:22 21:33:48.801 INFO  --- [main] o.s.w.s.m.m.a.RequestMappingHandlerMapping : Mapped "{[/sign/post],methods=[POST]}" onto public java.lang.String com.board.controller.SignBoardController.signpost(com.board.domain.Sign) throws java.lang.Exception 
2017:12:22 21:33:48.802 INFO  --- [main] o.s.w.s.m.m.a.RequestMappingHandlerMapping : Mapped "{[/sign/{docno}],methods=[GET]}" onto public org.springframework.web.servlet.ModelAndView com.board.controller.SignBoardController.signwrite(int,org.springframework.security.core.userdetails.UserDetails) throws java.lang.Exception 
2017:12:22 21:33:48.810 INFO  --- [main] o.s.w.s.m.m.a.RequestMappingHandlerMapping : Mapped "{[/sign],methods=[GET]}" onto public org.springframework.web.servlet.ModelAndView com.board.controller.SignBoardController.signready(org.springframework.security.core.userdetails.UserDetails) throws java.lang.Exception 
2017:12:22 21:33:48.813 INFO  --- [main] o.s.w.s.m.m.a.RequestMappingHandlerMapping : Mapped "{[/error]}" onto public org.springframework.http.ResponseEntity<java.util.Map<java.lang.String, java.lang.Object>> org.springframework.boot.autoconfigure.web.BasicErrorController.error(javax.servlet.http.HttpServletRequest) 
2017:12:22 21:33:48.813 INFO  --- [main] o.s.w.s.m.m.a.RequestMappingHandlerMapping : Mapped "{[/error],produces=[text/html]}" onto public org.springframework.web.servlet.ModelAndView org.springframework.boot.autoconfigure.web.BasicErrorController.errorHtml(javax.servlet.http.HttpServletRequest,javax.servlet.http.HttpServletResponse) 
2017:12:22 21:33:48.867 INFO  --- [main] o.s.w.s.h.SimpleUrlHandlerMapping : Mapped URL path [/webjars/**] onto handler of type [class org.springframework.web.servlet.resource.ResourceHttpRequestHandler] 
2017:12:22 21:33:48.867 INFO  --- [main] o.s.w.s.h.SimpleUrlHandlerMapping : Mapped URL path [/**] onto handler of type [class org.springframework.web.servlet.resource.ResourceHttpRequestHandler] 
2017:12:22 21:33:48.915 INFO  --- [main] o.s.w.s.h.SimpleUrlHandlerMapping : Mapped URL path [/**/favicon.ico] onto handler of type [class org.springframework.web.servlet.resource.ResourceHttpRequestHandler] 
2017:12:22 21:33:48.933 INFO  --- [main] o.s.b.a.w.WebMvcAutoConfiguration$WelcomePageHandlerMapping : Adding welcome page: class path resource [static/index.html] 
2017:12:22 21:33:49.182 INFO  --- [main] o.s.j.e.a.AnnotationMBeanExporter : Registering beans for JMX exposure on startup 
2017:12:22 21:33:49.288 INFO  --- [main] o.s.b.c.e.t.TomcatEmbeddedServletContainer : Tomcat started on port(s): 8080 (http) 
2017:12:22 21:33:49.307 INFO  --- [main] com.board.BoardApplication : Started BoardApplication in 6.7 seconds (JVM running for 9.371) 
2017:12:22 21:34:05.794 INFO  --- [http-nio-8080-exec-1] o.a.c.c.C.[Tomcat].[localhost].[/] : Initializing Spring FrameworkServlet 'dispatcherServlet' 
2017:12:22 21:34:05.806 INFO  --- [http-nio-8080-exec-1] o.s.web.servlet.DispatcherServlet : FrameworkServlet 'dispatcherServlet': initialization started 
2017:12:22 21:34:05.839 INFO  --- [http-nio-8080-exec-1] o.s.web.servlet.DispatcherServlet : FrameworkServlet 'dispatcherServlet': initialization completed in 32 ms 
2017:12:22 21:34:57.352 INFO  --- [main] com.board.BoardApplication : Starting BoardApplication on HP with PID 5248 (A:\Develop\workspace\board\target\classes started by pi in A:\Develop\workspace\board) 
2017:12:22 21:34:57.372 INFO  --- [main] com.board.BoardApplication : No active profile set, falling back to default profiles: default 
2017:12:22 21:34:57.457 INFO  --- [main] o.s.b.c.e.AnnotationConfigEmbeddedWebApplicationContext : Refreshing org.springframework.boot.context.embedded.AnnotationConfigEmbeddedWebApplicationContext@c7ffd3: startup date [Fri Dec 22 21:34:57 KST 2017]; root of context hierarchy 
2017:12:22 21:34:59.808 INFO  --- [main] o.s.b.c.e.t.TomcatEmbeddedServletContainer : Tomcat initialized with port(s): 8080 (http) 
2017:12:22 21:34:59.848 INFO  --- [main] o.a.catalina.core.StandardService : Starting service Tomcat 
2017:12:22 21:34:59.850 INFO  --- [main] o.a.catalina.core.StandardEngine : Starting Servlet Engine: Apache Tomcat/8.5.14 
2017:12:22 21:35:00.433 INFO  --- [localhost-startStop-1] o.apache.jasper.servlet.TldScanner : At least one JAR was scanned for TLDs yet contained no TLDs. Enable debug logging for this logger for a complete list of JARs that were scanned but no TLDs were found in them. Skipping unneeded JARs during scanning can improve startup time and JSP compilation time. 
2017:12:22 21:35:00.439 INFO  --- [localhost-startStop-1] o.a.c.c.C.[Tomcat].[localhost].[/] : Initializing Spring embedded WebApplicationContext 
2017:12:22 21:35:00.450 INFO  --- [localhost-startStop-1] o.s.web.context.ContextLoader : Root WebApplicationContext: initialization completed in 2994 ms 
2017:12:22 21:35:00.733 INFO  --- [localhost-startStop-1] o.s.b.w.s.FilterRegistrationBean : Mapping filter: 'simpleCorsFilter' to: [/*] 
2017:12:22 21:35:00.734 INFO  --- [localhost-startStop-1] o.s.b.w.s.FilterRegistrationBean : Mapping filter: 'characterEncodingFilter' to: [/*] 
2017:12:22 21:35:00.734 INFO  --- [localhost-startStop-1] o.s.b.w.s.FilterRegistrationBean : Mapping filter: 'httpPutFormContentFilter' to: [/*] 
2017:12:22 21:35:00.741 INFO  --- [localhost-startStop-1] o.s.b.w.s.FilterRegistrationBean : Mapping filter: 'requestContextFilter' to: [/*] 
2017:12:22 21:35:00.743 INFO  --- [localhost-startStop-1] o.s.b.w.s.DelegatingFilterProxyRegistrationBean : Mapping filter: 'springSecurityFilterChain' to: [/*] 
2017:12:22 21:35:00.743 INFO  --- [localhost-startStop-1] o.s.b.w.s.FilterRegistrationBean : Mapping filter: 'hiddenHttpMethodFilter' to: [/*] 
2017:12:22 21:35:00.743 INFO  --- [localhost-startStop-1] o.s.b.w.s.ServletRegistrationBean : Mapping servlet: 'dispatcherServlet' to [/] 
2017:12:22 21:35:02.892 INFO  --- [main] o.s.s.w.DefaultSecurityFilterChain : Creating filter chain: org.springframework.security.web.util.matcher.AnyRequestMatcher@1, [org.springframework.security.web.context.request.async.WebAsyncManagerIntegrationFilter@6f1ba8, org.springframework.security.web.context.SecurityContextPersistenceFilter@b40e3b, org.springframework.security.web.header.HeaderWriterFilter@10bea4, org.springframework.security.web.authentication.logout.LogoutFilter@acbc60, org.springframework.security.web.authentication.UsernamePasswordAuthenticationFilter@eb1c69, org.springframework.security.web.savedrequest.RequestCacheAwareFilter@543f31, org.springframework.security.web.servletapi.SecurityContextHolderAwareRequestFilter@a8d498, org.springframework.security.web.authentication.AnonymousAuthenticationFilter@8078c, org.springframework.security.web.session.SessionManagementFilter@1e32c9, org.springframework.security.web.access.ExceptionTranslationFilter@1e91b6, org.springframework.security.web.access.intercept.FilterSecurityInterceptor@8d411b] 
2017:12:22 21:35:03.031 INFO  --- [main] o.s.w.s.m.m.a.RequestMappingHandlerAdapter : Looking for @ControllerAdvice: org.springframework.boot.context.embedded.AnnotationConfigEmbeddedWebApplicationContext@c7ffd3: startup date [Fri Dec 22 21:34:57 KST 2017]; root of context hierarchy 
2017:12:22 21:35:03.141 INFO  --- [main] o.s.w.s.m.m.a.RequestMappingHandlerMapping : Mapped "{[/admin/{username}],methods=[PATCH]}" onto public java.lang.String com.board.controller.AdminController.update(com.board.domain.User,java.lang.String) throws java.lang.Exception 
2017:12:22 21:35:03.142 INFO  --- [main] o.s.w.s.m.m.a.RequestMappingHandlerMapping : Mapped "{[/admin],methods=[GET]}" onto public org.springframework.web.servlet.ModelAndView com.board.controller.AdminController.list(org.springframework.security.core.userdetails.UserDetails) throws com.board.controller.CustomAuthException 
2017:12:22 21:35:03.151 INFO  --- [main] o.s.w.s.m.m.a.RequestMappingHandlerMapping : Mapped "{[/admin/{username}],methods=[GET]}" onto public org.springframework.web.servlet.ModelAndView com.board.controller.AdminController.updateform(java.lang.String) throws java.lang.Exception 
2017:12:22 21:35:03.155 INFO  --- [main] o.s.w.s.m.m.a.RequestMappingHandlerMapping : Mapped "{[/board/post/{bno}],methods=[PATCH]}" onto public java.lang.String com.board.controller.BoardListController.update(com.board.domain.BoardVO,int) throws java.lang.Exception 
2017:12:22 21:35:03.164 INFO  --- [main] o.s.w.s.m.m.a.RequestMappingHandlerMapping : Mapped "{[/board/post],methods=[POST]}" onto public java.lang.String com.board.controller.BoardListController.write(com.board.domain.BoardVO) throws java.lang.Exception 
2017:12:22 21:35:03.165 INFO  --- [main] o.s.w.s.m.m.a.RequestMappingHandlerMapping : Mapped "{[/board/delete/{bno}],methods=[DELETE]}" onto public java.lang.String com.board.controller.BoardListController.delete(int) throws java.lang.Exception 
2017:12:22 21:35:03.174 INFO  --- [main] o.s.w.s.m.m.a.RequestMappingHandlerMapping : Mapped "{[/board],methods=[GET]}" onto public org.springframework.web.servlet.ModelAndView com.board.controller.BoardListController.list() throws java.lang.Exception 
2017:12:22 21:35:03.174 INFO  --- [main] o.s.w.s.m.m.a.RequestMappingHandlerMapping : Mapped "{[/board/post/{bno}],methods=[GET]}" onto public org.springframework.web.servlet.ModelAndView com.board.controller.BoardListController.updateForm(int) throws java.lang.Exception 
2017:12:22 21:35:03.175 INFO  --- [main] o.s.w.s.m.m.a.RequestMappingHandlerMapping : Mapped "{[/board/{bno}],methods=[GET]}" onto public org.springframework.web.servlet.ModelAndView com.board.controller.BoardListController.view(int,javax.servlet.http.HttpServletRequest,javax.servlet.http.HttpServletResponse) throws java.lang.Exception 
2017:12:22 21:35:03.175 INFO  --- [main] o.s.w.s.m.m.a.RequestMappingHandlerMapping : Mapped "{[/board/post],methods=[GET]}" onto public org.springframework.web.servlet.ModelAndView com.board.controller.BoardListController.writeForm() throws java.lang.Exception 
2017:12:22 21:35:03.176 INFO  --- [main] o.s.w.s.m.m.a.RequestMappingHandlerMapping : Mapped "{[/board],methods=[POST]}" onto public org.springframework.web.servlet.ModelAndView com.board.controller.BoardListController.list2() throws java.lang.Exception 
2017:12:22 21:35:03.176 INFO  --- [main] o.s.w.s.m.m.a.RequestMappingHandlerMapping : Mapped "{[/board/upload],methods=[POST]}" onto public void com.board.controller.BoardListController.upload(org.springframework.web.multipart.MultipartFile,javax.servlet.http.HttpServletRequest,javax.servlet.http.HttpServletResponse) 
2017:12:22 21:35:03.176 INFO  --- [main] o.s.w.s.m.m.a.RequestMappingHandlerMapping : Mapped "{[/board/daily],methods=[GET]}" onto public org.springframework.web.servlet.ModelAndView com.board.controller.BoardListController.list3(javax.servlet.http.HttpServletRequest) throws java.lang.Exception 
2017:12:22 21:35:03.181 INFO  --- [main] o.s.w.s.m.m.a.RequestMappingHandlerMapping : Mapped "{[/createmember],methods=[POST]}" onto public java.lang.String com.board.controller.LoginController.join(com.board.domain.User) throws java.lang.Exception 
2017:12:22 21:35:03.188 INFO  --- [main] o.s.w.s.m.m.a.RequestMappingHandlerMapping : Mapped "{[/test],methods=[GET]}" onto public org.springframework.web.servlet.ModelAndView com.board.controller.LoginController.test() throws java.lang.Exception 
2017:12:22 21:35:03.189 INFO  --- [main] o.s.w.s.m.m.a.RequestMappingHandlerMapping : Mapped "{[/oauth],methods=[GET || POST],produces=[application/json]}" onto public java.lang.String com.board.controller.LoginController.kakaoLogin(java.lang.String,javax.servlet.http.HttpServletRequest,javax.servlet.http.HttpServletResponse) 
2017:12:22 21:35:03.190 INFO  --- [main] o.s.w.s.m.m.a.RequestMappingHandlerMapping : Mapped "{[/checkId],methods=[GET || POST]}" onto public int com.board.controller.LoginController.idCheck(com.board.domain.User,org.springframework.ui.Model) throws java.lang.Exception 
2017:12:22 21:35:03.190 INFO  --- [main] o.s.w.s.m.m.a.RequestMappingHandlerMapping : Mapped "{[/createmember],methods=[GET]}" onto public org.springframework.web.servlet.ModelAndView com.board.controller.LoginController.joinform() throws java.lang.Exception 
2017:12:22 21:35:03.191 INFO  --- [main] o.s.w.s.m.m.a.RequestMappingHandlerMapping : Mapped "{[/login],methods=[GET]}" onto public org.springframework.web.servlet.ModelAndView com.board.controller.LoginController.login() throws java.lang.Exception 
2017:12:22 21:35:03.191 INFO  --- [main] o.s.w.s.m.m.a.RequestMappingHandlerMapping : Mapped "{[/login],methods=[POST]}" onto public java.lang.String com.board.controller.LoginController.login(com.board.domain.AuthenticationRequest,javax.servlet.http.HttpSession) throws java.io.IOException 
2017:12:22 21:35:03.202 INFO  --- [main] o.s.w.s.m.m.a.RequestMappingHandlerMapping : Mapped "{[/member/{username}],methods=[PATCH]}" onto public java.lang.String com.board.controller.MemberController.update(com.board.domain.User,java.lang.String) throws java.lang.Exception 
2017:12:22 21:35:03.203 INFO  --- [main] o.s.w.s.m.m.a.RequestMappingHandlerMapping : Mapped "{[/member/post/{username}],methods=[GET]}" onto public org.springframework.web.servlet.ModelAndView com.board.controller.MemberController.updateform(java.lang.String) throws java.lang.Exception 
2017:12:22 21:35:03.203 INFO  --- [main] o.s.w.s.m.m.a.RequestMappingHandlerMapping : Mapped "{[/member/{username}],methods=[GET]}" onto public org.springframework.web.servlet.ModelAndView com.board.controller.MemberController.viewform(java.lang.String) throws java.lang.Exception 
2017:12:22 21:35:03.204 INFO  --- [main] o.s.w.s.m.m.a.RequestMappingHandlerMapping : Mapped "{[/reply/delete/{r_no}],methods=[DELETE]}" onto public java.lang.String com.board.controller.ReplyController.delete(int,javax.servlet.http.HttpServletRequest) throws java.lang.Exception 
2017:12:22 21:35:03.205 INFO  --- [main] o.s.w.s.m.m.a.RequestMappingHandlerMapping : Mapped "{[/reply],methods=[POST]}" onto public java.lang.String com.board.controller.ReplyController.replyInsert(com.board.domain.Reply,javax.servlet.http.HttpServletRequest,com.board.domain.User) throws java.lang.Exception 
2017:12:22 21:35:03.206 INFO  --- [main] o.s.w.s.m.m.a.RequestMappingHandlerMapping : Mapped "{[/sign/{docno}],methods=[GET]}" onto public org.springframework.web.servlet.ModelAndView com.board.controller.SignBoardController.signwrite(int,org.springframework.security.core.userdetails.UserDetails) throws java.lang.Exception 
2017:12:22 21:35:03.207 INFO  --- [main] o.s.w.s.m.m.a.RequestMappingHandlerMapping : Mapped "{[/sign],methods=[GET]}" onto public org.springframework.web.servlet.ModelAndView com.board.controller.SignBoardController.signready(org.springframework.security.core.userdetails.UserDetails) throws java.lang.Exception 
2017:12:22 21:35:03.208 INFO  --- [main] o.s.w.s.m.m.a.RequestMappingHandlerMapping : Mapped "{[/sign/post],methods=[GET]}" onto public org.springframework.web.servlet.ModelAndView com.board.controller.SignBoardController.signlist() throws java.lang.Exception 
2017:12:22 21:35:03.208 INFO  --- [main] o.s.w.s.m.m.a.RequestMappingHandlerMapping : Mapped "{[/sign/check/{signno}],methods=[GET]}" onto public org.springframework.web.servlet.ModelAndView com.board.controller.SignBoardController.signview(int,org.springframework.security.core.userdetails.UserDetails) throws java.lang.Exception 
2017:12:22 21:35:03.208 INFO  --- [main] o.s.w.s.m.m.a.RequestMappingHandlerMapping : Mapped "{[/sign/post],methods=[POST]}" onto public java.lang.String com.board.controller.SignBoardController.signpost(com.board.domain.Sign) throws java.lang.Exception 
2017:12:22 21:35:03.217 INFO  --- [main] o.s.w.s.m.m.a.RequestMappingHandlerMapping : Mapped "{[/sign/permit],methods=[POST]}" onto public java.lang.String com.board.controller.SignBoardController.signok(org.springframework.security.core.userdetails.UserDetails,com.board.domain.Sign) throws java.lang.Exception 
2017:12:22 21:35:03.220 INFO  --- [main] o.s.w.s.m.m.a.RequestMappingHandlerMapping : Mapped "{[/error]}" onto public org.springframework.http.ResponseEntity<java.util.Map<java.lang.String, java.lang.Object>> org.springframework.boot.autoconfigure.web.BasicErrorController.error(javax.servlet.http.HttpServletRequest) 
2017:12:22 21:35:03.220 INFO  --- [main] o.s.w.s.m.m.a.RequestMappingHandlerMapping : Mapped "{[/error],produces=[text/html]}" onto public org.springframework.web.servlet.ModelAndView org.springframework.boot.autoconfigure.web.BasicErrorController.errorHtml(javax.servlet.http.HttpServletRequest,javax.servlet.http.HttpServletResponse) 
2017:12:22 21:35:03.269 INFO  --- [main] o.s.w.s.h.SimpleUrlHandlerMapping : Mapped URL path [/webjars/**] onto handler of type [class org.springframework.web.servlet.resource.ResourceHttpRequestHandler] 
2017:12:22 21:35:03.270 INFO  --- [main] o.s.w.s.h.SimpleUrlHandlerMapping : Mapped URL path [/**] onto handler of type [class org.springframework.web.servlet.resource.ResourceHttpRequestHandler] 
2017:12:22 21:35:03.321 INFO  --- [main] o.s.w.s.h.SimpleUrlHandlerMapping : Mapped URL path [/**/favicon.ico] onto handler of type [class org.springframework.web.servlet.resource.ResourceHttpRequestHandler] 
2017:12:22 21:35:03.350 INFO  --- [main] o.s.b.a.w.WebMvcAutoConfiguration$WelcomePageHandlerMapping : Adding welcome page: class path resource [static/index.html] 
2017:12:22 21:35:03.837 INFO  --- [main] o.s.j.e.a.AnnotationMBeanExporter : Registering beans for JMX exposure on startup 
2017:12:22 21:35:03.978 INFO  --- [main] o.s.b.c.e.t.TomcatEmbeddedServletContainer : Tomcat started on port(s): 8080 (http) 
2017:12:22 21:35:04.004 INFO  --- [main] com.board.BoardApplication : Started BoardApplication in 7.405 seconds (JVM running for 9.287) 
2017:12:22 21:35:11.763 INFO  --- [http-nio-8080-exec-2] o.a.c.c.C.[Tomcat].[localhost].[/] : Initializing Spring FrameworkServlet 'dispatcherServlet' 
2017:12:22 21:35:11.775 INFO  --- [http-nio-8080-exec-2] o.s.web.servlet.DispatcherServlet : FrameworkServlet 'dispatcherServlet': initialization started 
2017:12:22 21:35:11.846 INFO  --- [http-nio-8080-exec-2] o.s.web.servlet.DispatcherServlet : FrameworkServlet 'dispatcherServlet': initialization completed in 71 ms 
2017:12:22 21:40:36.857 INFO  --- [main] com.board.BoardApplication : Starting BoardApplication on HP with PID 14300 (A:\Develop\workspace\board\target\classes started by pi in A:\Develop\workspace\board) 
2017:12:22 21:40:36.883 INFO  --- [main] com.board.BoardApplication : No active profile set, falling back to default profiles: default 
2017:12:22 21:40:36.971 INFO  --- [main] o.s.b.c.e.AnnotationConfigEmbeddedWebApplicationContext : Refreshing org.springframework.boot.context.embedded.AnnotationConfigEmbeddedWebApplicationContext@c7ffd3: startup date [Fri Dec 22 21:40:36 KST 2017]; root of context hierarchy 
2017:12:22 21:40:39.266 INFO  --- [main] o.s.b.c.e.t.TomcatEmbeddedServletContainer : Tomcat initialized with port(s): 8080 (http) 
2017:12:22 21:40:39.295 INFO  --- [main] o.a.catalina.core.StandardService : Starting service Tomcat 
2017:12:22 21:40:39.297 INFO  --- [main] o.a.catalina.core.StandardEngine : Starting Servlet Engine: Apache Tomcat/8.5.14 
2017:12:22 21:40:39.982 INFO  --- [localhost-startStop-1] o.apache.jasper.servlet.TldScanner : At least one JAR was scanned for TLDs yet contained no TLDs. Enable debug logging for this logger for a complete list of JARs that were scanned but no TLDs were found in them. Skipping unneeded JARs during scanning can improve startup time and JSP compilation time. 
2017:12:22 21:40:39.988 INFO  --- [localhost-startStop-1] o.a.c.c.C.[Tomcat].[localhost].[/] : Initializing Spring embedded WebApplicationContext 
2017:12:22 21:40:39.996 INFO  --- [localhost-startStop-1] o.s.web.context.ContextLoader : Root WebApplicationContext: initialization completed in 3025 ms 
2017:12:22 21:40:40.229 INFO  --- [localhost-startStop-1] o.s.b.w.s.FilterRegistrationBean : Mapping filter: 'simpleCorsFilter' to: [/*] 
2017:12:22 21:40:40.230 INFO  --- [localhost-startStop-1] o.s.b.w.s.FilterRegistrationBean : Mapping filter: 'characterEncodingFilter' to: [/*] 
2017:12:22 21:40:40.230 INFO  --- [localhost-startStop-1] o.s.b.w.s.FilterRegistrationBean : Mapping filter: 'httpPutFormContentFilter' to: [/*] 
2017:12:22 21:40:40.236 INFO  --- [localhost-startStop-1] o.s.b.w.s.FilterRegistrationBean : Mapping filter: 'requestContextFilter' to: [/*] 
2017:12:22 21:40:40.238 INFO  --- [localhost-startStop-1] o.s.b.w.s.DelegatingFilterProxyRegistrationBean : Mapping filter: 'springSecurityFilterChain' to: [/*] 
2017:12:22 21:40:40.238 INFO  --- [localhost-startStop-1] o.s.b.w.s.FilterRegistrationBean : Mapping filter: 'hiddenHttpMethodFilter' to: [/*] 
2017:12:22 21:40:40.239 INFO  --- [localhost-startStop-1] o.s.b.w.s.ServletRegistrationBean : Mapping servlet: 'dispatcherServlet' to [/] 
2017:12:22 21:40:42.046 INFO  --- [main] o.s.s.w.DefaultSecurityFilterChain : Creating filter chain: org.springframework.security.web.util.matcher.AnyRequestMatcher@1, [org.springframework.security.web.context.request.async.WebAsyncManagerIntegrationFilter@1ee1ae6, org.springframework.security.web.context.SecurityContextPersistenceFilter@fe7b87, org.springframework.security.web.header.HeaderWriterFilter@1b1f51e, org.springframework.security.web.authentication.logout.LogoutFilter@6fe5c6, org.springframework.security.web.authentication.UsernamePasswordAuthenticationFilter@6f1ba8, org.springframework.security.web.savedrequest.RequestCacheAwareFilter@2bd7c8, org.springframework.security.web.servletapi.SecurityContextHolderAwareRequestFilter@420549, org.springframework.security.web.authentication.AnonymousAuthenticationFilter@1117b3d, org.springframework.security.web.session.SessionManagementFilter@1b67fcb, org.springframework.security.web.access.ExceptionTranslationFilter@1e32c9, org.springframework.security.web.access.intercept.FilterSecurityInterceptor@95bf2a] 
2017:12:22 21:40:42.230 INFO  --- [main] o.s.w.s.m.m.a.RequestMappingHandlerAdapter : Looking for @ControllerAdvice: org.springframework.boot.context.embedded.AnnotationConfigEmbeddedWebApplicationContext@c7ffd3: startup date [Fri Dec 22 21:40:36 KST 2017]; root of context hierarchy 
2017:12:22 21:40:42.329 INFO  --- [main] o.s.w.s.m.m.a.RequestMappingHandlerMapping : Mapped "{[/admin/{username}],methods=[PATCH]}" onto public java.lang.String com.board.controller.AdminController.update(com.board.domain.User,java.lang.String) throws java.lang.Exception 
2017:12:22 21:40:42.331 INFO  --- [main] o.s.w.s.m.m.a.RequestMappingHandlerMapping : Mapped "{[/admin],methods=[GET]}" onto public org.springframework.web.servlet.ModelAndView com.board.controller.AdminController.list(org.springframework.security.core.userdetails.UserDetails) throws com.board.controller.CustomAuthException 
2017:12:22 21:40:42.338 INFO  --- [main] o.s.w.s.m.m.a.RequestMappingHandlerMapping : Mapped "{[/admin/{username}],methods=[GET]}" onto public org.springframework.web.servlet.ModelAndView com.board.controller.AdminController.updateform(java.lang.String) throws java.lang.Exception 
2017:12:22 21:40:42.344 INFO  --- [main] o.s.w.s.m.m.a.RequestMappingHandlerMapping : Mapped "{[/board/post/{bno}],methods=[PATCH]}" onto public java.lang.String com.board.controller.BoardListController.update(com.board.domain.BoardVO,int) throws java.lang.Exception 
2017:12:22 21:40:42.352 INFO  --- [main] o.s.w.s.m.m.a.RequestMappingHandlerMapping : Mapped "{[/board/post],methods=[POST]}" onto public java.lang.String com.board.controller.BoardListController.write(com.board.domain.BoardVO) throws java.lang.Exception 
2017:12:22 21:40:42.352 INFO  --- [main] o.s.w.s.m.m.a.RequestMappingHandlerMapping : Mapped "{[/board/delete/{bno}],methods=[DELETE]}" onto public java.lang.String com.board.controller.BoardListController.delete(int) throws java.lang.Exception 
2017:12:22 21:40:42.359 INFO  --- [main] o.s.w.s.m.m.a.RequestMappingHandlerMapping : Mapped "{[/board],methods=[GET]}" onto public org.springframework.web.servlet.ModelAndView com.board.controller.BoardListController.list() throws java.lang.Exception 
2017:12:22 21:40:42.359 INFO  --- [main] o.s.w.s.m.m.a.RequestMappingHandlerMapping : Mapped "{[/board/post/{bno}],methods=[GET]}" onto public org.springframework.web.servlet.ModelAndView com.board.controller.BoardListController.updateForm(int) throws java.lang.Exception 
2017:12:22 21:40:42.359 INFO  --- [main] o.s.w.s.m.m.a.RequestMappingHandlerMapping : Mapped "{[/board/{bno}],methods=[GET]}" onto public org.springframework.web.servlet.ModelAndView com.board.controller.BoardListController.view(int,javax.servlet.http.HttpServletRequest,javax.servlet.http.HttpServletResponse) throws java.lang.Exception 
2017:12:22 21:40:42.360 INFO  --- [main] o.s.w.s.m.m.a.RequestMappingHandlerMapping : Mapped "{[/board/post],methods=[GET]}" onto public org.springframework.web.servlet.ModelAndView com.board.controller.BoardListController.writeForm() throws java.lang.Exception 
2017:12:22 21:40:42.360 INFO  --- [main] o.s.w.s.m.m.a.RequestMappingHandlerMapping : Mapped "{[/board],methods=[POST]}" onto public org.springframework.web.servlet.ModelAndView com.board.controller.BoardListController.list2() throws java.lang.Exception 
2017:12:22 21:40:42.360 INFO  --- [main] o.s.w.s.m.m.a.RequestMappingHandlerMapping : Mapped "{[/board/daily],methods=[GET]}" onto public org.springframework.web.servlet.ModelAndView com.board.controller.BoardListController.list3(javax.servlet.http.HttpServletRequest) throws java.lang.Exception 
2017:12:22 21:40:42.361 INFO  --- [main] o.s.w.s.m.m.a.RequestMappingHandlerMapping : Mapped "{[/board/upload],methods=[POST]}" onto public void com.board.controller.BoardListController.upload(org.springframework.web.multipart.MultipartFile,javax.servlet.http.HttpServletRequest,javax.servlet.http.HttpServletResponse) 
2017:12:22 21:40:42.363 INFO  --- [main] o.s.w.s.m.m.a.RequestMappingHandlerMapping : Mapped "{[/createmember],methods=[POST]}" onto public java.lang.String com.board.controller.LoginController.join(com.board.domain.User) throws java.lang.Exception 
2017:12:22 21:40:42.370 INFO  --- [main] o.s.w.s.m.m.a.RequestMappingHandlerMapping : Mapped "{[/test],methods=[GET]}" onto public java.lang.String com.board.controller.LoginController.test() throws java.lang.Exception 
2017:12:22 21:40:42.370 INFO  --- [main] o.s.w.s.m.m.a.RequestMappingHandlerMapping : Mapped "{[/oauth],methods=[GET || POST],produces=[application/json]}" onto public java.lang.String com.board.controller.LoginController.kakaoLogin(java.lang.String,javax.servlet.http.HttpServletRequest,javax.servlet.http.HttpServletResponse) 
2017:12:22 21:40:42.371 INFO  --- [main] o.s.w.s.m.m.a.RequestMappingHandlerMapping : Mapped "{[/login],methods=[POST]}" onto public java.lang.String com.board.controller.LoginController.login(com.board.domain.AuthenticationRequest,javax.servlet.http.HttpSession) throws java.io.IOException 
2017:12:22 21:40:42.371 INFO  --- [main] o.s.w.s.m.m.a.RequestMappingHandlerMapping : Mapped "{[/login],methods=[GET]}" onto public org.springframework.web.servlet.ModelAndView com.board.controller.LoginController.login() throws java.lang.Exception 
2017:12:22 21:40:42.372 INFO  --- [main] o.s.w.s.m.m.a.RequestMappingHandlerMapping : Mapped "{[/createmember],methods=[GET]}" onto public org.springframework.web.servlet.ModelAndView com.board.controller.LoginController.joinform() throws java.lang.Exception 
2017:12:22 21:40:42.372 INFO  --- [main] o.s.w.s.m.m.a.RequestMappingHandlerMapping : Mapped "{[/checkId],methods=[GET || POST]}" onto public int com.board.controller.LoginController.idCheck(com.board.domain.User,org.springframework.ui.Model) throws java.lang.Exception 
2017:12:22 21:40:42.374 INFO  --- [main] o.s.w.s.m.m.a.RequestMappingHandlerMapping : Mapped "{[/member/{username}],methods=[PATCH]}" onto public java.lang.String com.board.controller.MemberController.update(com.board.domain.User,java.lang.String) throws java.lang.Exception 
2017:12:22 21:40:42.375 INFO  --- [main] o.s.w.s.m.m.a.RequestMappingHandlerMapping : Mapped "{[/member/post/{username}],methods=[GET]}" onto public org.springframework.web.servlet.ModelAndView com.board.controller.MemberController.updateform(java.lang.String) throws java.lang.Exception 
2017:12:22 21:40:42.375 INFO  --- [main] o.s.w.s.m.m.a.RequestMappingHandlerMapping : Mapped "{[/member/{username}],methods=[GET]}" onto public org.springframework.web.servlet.ModelAndView com.board.controller.MemberController.viewform(java.lang.String) throws java.lang.Exception 
2017:12:22 21:40:42.376 INFO  --- [main] o.s.w.s.m.m.a.RequestMappingHandlerMapping : Mapped "{[/reply/delete/{r_no}],methods=[DELETE]}" onto public java.lang.String com.board.controller.ReplyController.delete(int,javax.servlet.http.HttpServletRequest) throws java.lang.Exception 
2017:12:22 21:40:42.376 INFO  --- [main] o.s.w.s.m.m.a.RequestMappingHandlerMapping : Mapped "{[/reply],methods=[POST]}" onto public java.lang.String com.board.controller.ReplyController.replyInsert(com.board.domain.Reply,javax.servlet.http.HttpServletRequest,com.board.domain.User) throws java.lang.Exception 
2017:12:22 21:40:42.377 INFO  --- [main] o.s.w.s.m.m.a.RequestMappingHandlerMapping : Mapped "{[/sign],methods=[GET]}" onto public org.springframework.web.servlet.ModelAndView com.board.controller.SignBoardController.signready(org.springframework.security.core.userdetails.UserDetails) throws java.lang.Exception 
2017:12:22 21:40:42.378 INFO  --- [main] o.s.w.s.m.m.a.RequestMappingHandlerMapping : Mapped "{[/sign/{docno}],methods=[GET]}" onto public org.springframework.web.servlet.ModelAndView com.board.controller.SignBoardController.signwrite(int,org.springframework.security.core.userdetails.UserDetails) throws java.lang.Exception 
2017:12:22 21:40:42.379 INFO  --- [main] o.s.w.s.m.m.a.RequestMappingHandlerMapping : Mapped "{[/sign/check/{signno}],methods=[GET]}" onto public org.springframework.web.servlet.ModelAndView com.board.controller.SignBoardController.signview(int,org.springframework.security.core.userdetails.UserDetails) throws java.lang.Exception 
2017:12:22 21:40:42.379 INFO  --- [main] o.s.w.s.m.m.a.RequestMappingHandlerMapping : Mapped "{[/sign/post],methods=[GET]}" onto public org.springframework.web.servlet.ModelAndView com.board.controller.SignBoardController.signlist() throws java.lang.Exception 
2017:12:22 21:40:42.380 INFO  --- [main] o.s.w.s.m.m.a.RequestMappingHandlerMapping : Mapped "{[/sign/post],methods=[POST]}" onto public java.lang.String com.board.controller.SignBoardController.signpost(com.board.domain.Sign) throws java.lang.Exception 
2017:12:22 21:40:42.393 INFO  --- [main] o.s.w.s.m.m.a.RequestMappingHandlerMapping : Mapped "{[/sign/permit],methods=[POST]}" onto public java.lang.String com.board.controller.SignBoardController.signok(org.springframework.security.core.userdetails.UserDetails,com.board.domain.Sign) throws java.lang.Exception 
2017:12:22 21:40:42.396 INFO  --- [main] o.s.w.s.m.m.a.RequestMappingHandlerMapping : Mapped "{[/error]}" onto public org.springframework.http.ResponseEntity<java.util.Map<java.lang.String, java.lang.Object>> org.springframework.boot.autoconfigure.web.BasicErrorController.error(javax.servlet.http.HttpServletRequest) 
2017:12:22 21:40:42.396 INFO  --- [main] o.s.w.s.m.m.a.RequestMappingHandlerMapping : Mapped "{[/error],produces=[text/html]}" onto public org.springframework.web.servlet.ModelAndView org.springframework.boot.autoconfigure.web.BasicErrorController.errorHtml(javax.servlet.http.HttpServletRequest,javax.servlet.http.HttpServletResponse) 
2017:12:22 21:40:42.432 INFO  --- [main] o.s.w.s.h.SimpleUrlHandlerMapping : Mapped URL path [/webjars/**] onto handler of type [class org.springframework.web.servlet.resource.ResourceHttpRequestHandler] 
2017:12:22 21:40:42.434 INFO  --- [main] o.s.w.s.h.SimpleUrlHandlerMapping : Mapped URL path [/**] onto handler of type [class org.springframework.web.servlet.resource.ResourceHttpRequestHandler] 
2017:12:22 21:40:42.495 INFO  --- [main] o.s.w.s.h.SimpleUrlHandlerMapping : Mapped URL path [/**/favicon.ico] onto handler of type [class org.springframework.web.servlet.resource.ResourceHttpRequestHandler] 
2017:12:22 21:40:42.515 INFO  --- [main] o.s.b.a.w.WebMvcAutoConfiguration$WelcomePageHandlerMapping : Adding welcome page: class path resource [static/index.html] 
2017:12:22 21:40:42.802 INFO  --- [main] o.s.j.e.a.AnnotationMBeanExporter : Registering beans for JMX exposure on startup 
2017:12:22 21:40:42.910 INFO  --- [main] o.s.b.c.e.t.TomcatEmbeddedServletContainer : Tomcat started on port(s): 8080 (http) 
2017:12:22 21:40:42.925 INFO  --- [main] com.board.BoardApplication : Started BoardApplication in 6.584 seconds (JVM running for 7.66) 
2017:12:22 21:40:51.527 INFO  --- [http-nio-8080-exec-1] o.a.c.c.C.[Tomcat].[localhost].[/] : Initializing Spring FrameworkServlet 'dispatcherServlet' 
2017:12:22 21:40:51.541 INFO  --- [http-nio-8080-exec-1] o.s.web.servlet.DispatcherServlet : FrameworkServlet 'dispatcherServlet': initialization started 
2017:12:22 21:40:51.576 INFO  --- [http-nio-8080-exec-1] o.s.web.servlet.DispatcherServlet : FrameworkServlet 'dispatcherServlet': initialization completed in 34 ms 
2017:12:22 22:22:48.246 INFO  --- [main] com.board.BoardApplication : Starting BoardApplication on HP with PID 13144 (A:\Develop\workspace\board\target\classes started by pi in A:\Develop\workspace\board) 
2017:12:22 22:22:48.255 INFO  --- [main] com.board.BoardApplication : No active profile set, falling back to default profiles: default 
2017:12:22 22:22:48.373 INFO  --- [main] o.s.b.c.e.AnnotationConfigEmbeddedWebApplicationContext : Refreshing org.springframework.boot.context.embedded.AnnotationConfigEmbeddedWebApplicationContext@c7ffd3: startup date [Fri Dec 22 22:22:48 KST 2017]; root of context hierarchy 
2017:12:22 22:22:50.280 INFO  --- [main] o.s.b.c.e.t.TomcatEmbeddedServletContainer : Tomcat initialized with port(s): 8080 (http) 
2017:12:22 22:22:50.314 INFO  --- [main] o.a.catalina.core.StandardService : Starting service Tomcat 
2017:12:22 22:22:50.316 INFO  --- [main] o.a.catalina.core.StandardEngine : Starting Servlet Engine: Apache Tomcat/8.5.14 
2017:12:22 22:22:50.730 INFO  --- [localhost-startStop-1] o.apache.jasper.servlet.TldScanner : At least one JAR was scanned for TLDs yet contained no TLDs. Enable debug logging for this logger for a complete list of JARs that were scanned but no TLDs were found in them. Skipping unneeded JARs during scanning can improve startup time and JSP compilation time. 
2017:12:22 22:22:50.738 INFO  --- [localhost-startStop-1] o.a.c.c.C.[Tomcat].[localhost].[/] : Initializing Spring embedded WebApplicationContext 
2017:12:22 22:22:50.744 INFO  --- [localhost-startStop-1] o.s.web.context.ContextLoader : Root WebApplicationContext: initialization completed in 2371 ms 
2017:12:22 22:22:50.976 INFO  --- [localhost-startStop-1] o.s.b.w.s.FilterRegistrationBean : Mapping filter: 'simpleCorsFilter' to: [/*] 
2017:12:22 22:22:50.977 INFO  --- [localhost-startStop-1] o.s.b.w.s.FilterRegistrationBean : Mapping filter: 'characterEncodingFilter' to: [/*] 
2017:12:22 22:22:50.977 INFO  --- [localhost-startStop-1] o.s.b.w.s.FilterRegistrationBean : Mapping filter: 'httpPutFormContentFilter' to: [/*] 
2017:12:22 22:22:50.984 INFO  --- [localhost-startStop-1] o.s.b.w.s.FilterRegistrationBean : Mapping filter: 'requestContextFilter' to: [/*] 
2017:12:22 22:22:50.986 INFO  --- [localhost-startStop-1] o.s.b.w.s.DelegatingFilterProxyRegistrationBean : Mapping filter: 'springSecurityFilterChain' to: [/*] 
2017:12:22 22:22:50.986 INFO  --- [localhost-startStop-1] o.s.b.w.s.FilterRegistrationBean : Mapping filter: 'hiddenHttpMethodFilter' to: [/*] 
2017:12:22 22:22:50.987 INFO  --- [localhost-startStop-1] o.s.b.w.s.ServletRegistrationBean : Mapping servlet: 'dispatcherServlet' to [/] 
2017:12:22 22:22:52.572 INFO  --- [main] o.s.s.w.DefaultSecurityFilterChain : Creating filter chain: org.springframework.security.web.util.matcher.AnyRequestMatcher@1, [org.springframework.security.web.context.request.async.WebAsyncManagerIntegrationFilter@fa8227, org.springframework.security.web.context.SecurityContextPersistenceFilter@18280e6, org.springframework.security.web.header.HeaderWriterFilter@fe7b87, org.springframework.security.web.authentication.logout.LogoutFilter@2ffbf5, org.springframework.security.web.authentication.UsernamePasswordAuthenticationFilter@16ef8b2, org.springframework.security.web.savedrequest.RequestCacheAwareFilter@1259aa7, org.springframework.security.web.servletapi.SecurityContextHolderAwareRequestFilter@61cf3, org.springframework.security.web.authentication.AnonymousAuthenticationFilter@226c36, org.springframework.security.web.session.SessionManagementFilter@2bd7c8, org.springframework.security.web.access.ExceptionTranslationFilter@543f31, org.springframework.security.web.access.intercept.FilterSecurityInterceptor@1d3e555] 
2017:12:22 22:22:52.691 INFO  --- [main] o.s.w.s.m.m.a.RequestMappingHandlerAdapter : Looking for @ControllerAdvice: org.springframework.boot.context.embedded.AnnotationConfigEmbeddedWebApplicationContext@c7ffd3: startup date [Fri Dec 22 22:22:48 KST 2017]; root of context hierarchy 
2017:12:22 22:22:52.829 INFO  --- [main] o.s.w.s.m.m.a.RequestMappingHandlerMapping : Mapped "{[/admin/{username}],methods=[PATCH]}" onto public java.lang.String com.board.controller.AdminController.update(com.board.domain.User,java.lang.String) throws java.lang.Exception 
2017:12:22 22:22:52.831 INFO  --- [main] o.s.w.s.m.m.a.RequestMappingHandlerMapping : Mapped "{[/admin],methods=[GET]}" onto public org.springframework.web.servlet.ModelAndView com.board.controller.AdminController.list(org.springframework.security.core.userdetails.UserDetails) throws com.board.controller.CustomAuthException 
2017:12:22 22:22:52.844 INFO  --- [main] o.s.w.s.m.m.a.RequestMappingHandlerMapping : Mapped "{[/admin/{username}],methods=[GET]}" onto public org.springframework.web.servlet.ModelAndView com.board.controller.AdminController.updateform(java.lang.String) throws java.lang.Exception 
2017:12:22 22:22:52.851 INFO  --- [main] o.s.w.s.m.m.a.RequestMappingHandlerMapping : Mapped "{[/board/post/{bno}],methods=[PATCH]}" onto public java.lang.String com.board.controller.BoardListController.update(com.board.domain.BoardVO,int) throws java.lang.Exception 
2017:12:22 22:22:52.862 INFO  --- [main] o.s.w.s.m.m.a.RequestMappingHandlerMapping : Mapped "{[/board/post],methods=[POST]}" onto public java.lang.String com.board.controller.BoardListController.write(com.board.domain.BoardVO) throws java.lang.Exception 
2017:12:22 22:22:52.863 INFO  --- [main] o.s.w.s.m.m.a.RequestMappingHandlerMapping : Mapped "{[/board/delete/{bno}],methods=[DELETE]}" onto public java.lang.String com.board.controller.BoardListController.delete(int) throws java.lang.Exception 
2017:12:22 22:22:52.871 INFO  --- [main] o.s.w.s.m.m.a.RequestMappingHandlerMapping : Mapped "{[/board],methods=[GET]}" onto public org.springframework.web.servlet.ModelAndView com.board.controller.BoardListController.list() throws java.lang.Exception 
2017:12:22 22:22:52.871 INFO  --- [main] o.s.w.s.m.m.a.RequestMappingHandlerMapping : Mapped "{[/board/post/{bno}],methods=[GET]}" onto public org.springframework.web.servlet.ModelAndView com.board.controller.BoardListController.updateForm(int) throws java.lang.Exception 
2017:12:22 22:22:52.872 INFO  --- [main] o.s.w.s.m.m.a.RequestMappingHandlerMapping : Mapped "{[/board/{bno}],methods=[GET]}" onto public org.springframework.web.servlet.ModelAndView com.board.controller.BoardListController.view(int,javax.servlet.http.HttpServletRequest,javax.servlet.http.HttpServletResponse) throws java.lang.Exception 
2017:12:22 22:22:52.872 INFO  --- [main] o.s.w.s.m.m.a.RequestMappingHandlerMapping : Mapped "{[/board/post],methods=[GET]}" onto public org.springframework.web.servlet.ModelAndView com.board.controller.BoardListController.writeForm() throws java.lang.Exception 
2017:12:22 22:22:52.873 INFO  --- [main] o.s.w.s.m.m.a.RequestMappingHandlerMapping : Mapped "{[/board/upload],methods=[POST]}" onto public void com.board.controller.BoardListController.upload(org.springframework.web.multipart.MultipartFile,javax.servlet.http.HttpServletRequest,javax.servlet.http.HttpServletResponse) 
2017:12:22 22:22:52.873 INFO  --- [main] o.s.w.s.m.m.a.RequestMappingHandlerMapping : Mapped "{[/board/daily],methods=[GET]}" onto public org.springframework.web.servlet.ModelAndView com.board.controller.BoardListController.list3(javax.servlet.http.HttpServletRequest) throws java.lang.Exception 
2017:12:22 22:22:52.873 INFO  --- [main] o.s.w.s.m.m.a.RequestMappingHandlerMapping : Mapped "{[/board],methods=[POST]}" onto public org.springframework.web.servlet.ModelAndView com.board.controller.BoardListController.list2() throws java.lang.Exception 
2017:12:22 22:22:52.876 INFO  --- [main] o.s.w.s.m.m.a.RequestMappingHandlerMapping : Mapped "{[/createmember],methods=[POST]}" onto public java.lang.String com.board.controller.LoginController.join(com.board.domain.User) throws java.lang.Exception 
2017:12:22 22:22:52.883 INFO  --- [main] o.s.w.s.m.m.a.RequestMappingHandlerMapping : Mapped "{[/test],methods=[GET]}" onto public java.lang.String com.board.controller.LoginController.test() throws java.lang.Exception 
2017:12:22 22:22:52.884 INFO  --- [main] o.s.w.s.m.m.a.RequestMappingHandlerMapping : Mapped "{[/oauth],methods=[GET || POST],produces=[application/json]}" onto public java.lang.String com.board.controller.LoginController.kakaoLogin(java.lang.String,javax.servlet.http.HttpServletRequest,javax.servlet.http.HttpServletResponse) 
2017:12:22 22:22:52.884 INFO  --- [main] o.s.w.s.m.m.a.RequestMappingHandlerMapping : Mapped "{[/createmember],methods=[GET]}" onto public org.springframework.web.servlet.ModelAndView com.board.controller.LoginController.joinform() throws java.lang.Exception 
2017:12:22 22:22:52.885 INFO  --- [main] o.s.w.s.m.m.a.RequestMappingHandlerMapping : Mapped "{[/login],methods=[POST]}" onto public java.lang.String com.board.controller.LoginController.login(com.board.domain.AuthenticationRequest,javax.servlet.http.HttpSession) throws java.io.IOException 
2017:12:22 22:22:52.885 INFO  --- [main] o.s.w.s.m.m.a.RequestMappingHandlerMapping : Mapped "{[/login],methods=[GET]}" onto public org.springframework.web.servlet.ModelAndView com.board.controller.LoginController.login() throws java.lang.Exception 
2017:12:22 22:22:52.885 INFO  --- [main] o.s.w.s.m.m.a.RequestMappingHandlerMapping : Mapped "{[/checkId],methods=[GET || POST]}" onto public int com.board.controller.LoginController.idCheck(com.board.domain.User,org.springframework.ui.Model) throws java.lang.Exception 
2017:12:22 22:22:52.887 INFO  --- [main] o.s.w.s.m.m.a.RequestMappingHandlerMapping : Mapped "{[/member/{username}],methods=[PATCH]}" onto public java.lang.String com.board.controller.MemberController.update(com.board.domain.User,java.lang.String) throws java.lang.Exception 
2017:12:22 22:22:52.888 INFO  --- [main] o.s.w.s.m.m.a.RequestMappingHandlerMapping : Mapped "{[/member/post/{username}],methods=[GET]}" onto public org.springframework.web.servlet.ModelAndView com.board.controller.MemberController.updateform(java.lang.String) throws java.lang.Exception 
2017:12:22 22:22:52.888 INFO  --- [main] o.s.w.s.m.m.a.RequestMappingHandlerMapping : Mapped "{[/member/{username}],methods=[GET]}" onto public org.springframework.web.servlet.ModelAndView com.board.controller.MemberController.viewform(java.lang.String) throws java.lang.Exception 
2017:12:22 22:22:52.889 INFO  --- [main] o.s.w.s.m.m.a.RequestMappingHandlerMapping : Mapped "{[/reply/delete/{r_no}],methods=[DELETE]}" onto public java.lang.String com.board.controller.ReplyController.delete(int,javax.servlet.http.HttpServletRequest) throws java.lang.Exception 
2017:12:22 22:22:52.889 INFO  --- [main] o.s.w.s.m.m.a.RequestMappingHandlerMapping : Mapped "{[/reply],methods=[POST]}" onto public java.lang.String com.board.controller.ReplyController.replyInsert(com.board.domain.Reply,javax.servlet.http.HttpServletRequest,com.board.domain.User) throws java.lang.Exception 
2017:12:22 22:22:52.891 INFO  --- [main] o.s.w.s.m.m.a.RequestMappingHandlerMapping : Mapped "{[/sign],methods=[GET]}" onto public org.springframework.web.servlet.ModelAndView com.board.controller.SignBoardController.signready(org.springframework.security.core.userdetails.UserDetails) throws java.lang.Exception 
2017:12:22 22:22:52.891 INFO  --- [main] o.s.w.s.m.m.a.RequestMappingHandlerMapping : Mapped "{[/sign/{docno}],methods=[GET]}" onto public org.springframework.web.servlet.ModelAndView com.board.controller.SignBoardController.signwrite(int,org.springframework.security.core.userdetails.UserDetails) throws java.lang.Exception 
2017:12:22 22:22:52.892 INFO  --- [main] o.s.w.s.m.m.a.RequestMappingHandlerMapping : Mapped "{[/sign/post],methods=[GET]}" onto public org.springframework.web.servlet.ModelAndView com.board.controller.SignBoardController.signlist() throws java.lang.Exception 
2017:12:22 22:22:52.892 INFO  --- [main] o.s.w.s.m.m.a.RequestMappingHandlerMapping : Mapped "{[/sign/permit],methods=[POST]}" onto public java.lang.String com.board.controller.SignBoardController.signok(org.springframework.security.core.userdetails.UserDetails,com.board.domain.Sign) throws java.lang.Exception 
2017:12:22 22:22:52.893 INFO  --- [main] o.s.w.s.m.m.a.RequestMappingHandlerMapping : Mapped "{[/sign/check/{signno}],methods=[GET]}" onto public org.springframework.web.servlet.ModelAndView com.board.controller.SignBoardController.signview(int,org.springframework.security.core.userdetails.UserDetails) throws java.lang.Exception 
2017:12:22 22:22:52.899 INFO  --- [main] o.s.w.s.m.m.a.RequestMappingHandlerMapping : Mapped "{[/sign/post],methods=[POST]}" onto public java.lang.String com.board.controller.SignBoardController.signpost(com.board.domain.Sign) throws java.lang.Exception 
2017:12:22 22:22:52.902 INFO  --- [main] o.s.w.s.m.m.a.RequestMappingHandlerMapping : Mapped "{[/error]}" onto public org.springframework.http.ResponseEntity<java.util.Map<java.lang.String, java.lang.Object>> org.springframework.boot.autoconfigure.web.BasicErrorController.error(javax.servlet.http.HttpServletRequest) 
2017:12:22 22:22:52.902 INFO  --- [main] o.s.w.s.m.m.a.RequestMappingHandlerMapping : Mapped "{[/error],produces=[text/html]}" onto public org.springframework.web.servlet.ModelAndView org.springframework.boot.autoconfigure.web.BasicErrorController.errorHtml(javax.servlet.http.HttpServletRequest,javax.servlet.http.HttpServletResponse) 
2017:12:22 22:22:52.938 INFO  --- [main] o.s.w.s.h.SimpleUrlHandlerMapping : Mapped URL path [/webjars/**] onto handler of type [class org.springframework.web.servlet.resource.ResourceHttpRequestHandler] 
2017:12:22 22:22:52.939 INFO  --- [main] o.s.w.s.h.SimpleUrlHandlerMapping : Mapped URL path [/**] onto handler of type [class org.springframework.web.servlet.resource.ResourceHttpRequestHandler] 
2017:12:22 22:22:53.036 INFO  --- [main] o.s.w.s.h.SimpleUrlHandlerMapping : Mapped URL path [/**/favicon.ico] onto handler of type [class org.springframework.web.servlet.resource.ResourceHttpRequestHandler] 
2017:12:22 22:22:53.063 INFO  --- [main] o.s.b.a.w.WebMvcAutoConfiguration$WelcomePageHandlerMapping : Adding welcome page: class path resource [static/index.html] 
2017:12:22 22:22:53.491 INFO  --- [main] o.s.j.e.a.AnnotationMBeanExporter : Registering beans for JMX exposure on startup 
2017:12:22 22:22:53.700 INFO  --- [main] o.s.b.c.e.t.TomcatEmbeddedServletContainer : Tomcat started on port(s): 8080 (http) 
2017:12:22 22:22:53.731 INFO  --- [main] com.board.BoardApplication : Started BoardApplication in 6.123 seconds (JVM running for 7.392) 
2017:12:22 22:24:04.260 INFO  --- [http-nio-8080-exec-1] o.a.c.c.C.[Tomcat].[localhost].[/] : Initializing Spring FrameworkServlet 'dispatcherServlet' 
2017:12:22 22:24:04.300 INFO  --- [http-nio-8080-exec-1] o.s.web.servlet.DispatcherServlet : FrameworkServlet 'dispatcherServlet': initialization started 
2017:12:22 22:24:04.724 INFO  --- [http-nio-8080-exec-1] o.s.web.servlet.DispatcherServlet : FrameworkServlet 'dispatcherServlet': initialization completed in 413 ms 
2017:12:22 22:24:06.710 ERROR --- [http-nio-8080-exec-1] o.a.c.c.C.[.[.[.[dispatcherServlet] : Servlet.service() for servlet [dispatcherServlet] in context with path [] threw exception 
java.io.FileNotFoundException: https://kapi.kakao.com/oauth/token
	at sun.net.www.protocol.http.HttpURLConnection.getInputStream0(HttpURLConnection.java:1872)
	at sun.net.www.protocol.http.HttpURLConnection.getInputStream(HttpURLConnection.java:1474)
	at sun.net.www.protocol.https.HttpsURLConnectionImpl.getInputStream(HttpsURLConnectionImpl.java:254)
	at com.board.service.NotificationService.test(NotificationService.java:60)
	at com.board.controller.LoginController.test(LoginController.java:44)
	at sun.reflect.NativeMethodAccessorImpl.invoke0(Native Method)
	at sun.reflect.NativeMethodAccessorImpl.invoke(NativeMethodAccessorImpl.java:62)
	at sun.reflect.DelegatingMethodAccessorImpl.invoke(DelegatingMethodAccessorImpl.java:43)
	at java.lang.reflect.Method.invoke(Method.java:498)
	at org.springframework.web.method.support.InvocableHandlerMethod.doInvoke(InvocableHandlerMethod.java:205)
	at org.springframework.web.method.support.InvocableHandlerMethod.invokeForRequest(InvocableHandlerMethod.java:133)
	at org.springframework.web.servlet.mvc.method.annotation.ServletInvocableHandlerMethod.invokeAndHandle(ServletInvocableHandlerMethod.java:97)
	at org.springframework.web.servlet.mvc.method.annotation.RequestMappingHandlerAdapter.invokeHandlerMethod(RequestMappingHandlerAdapter.java:827)
	at org.springframework.web.servlet.mvc.method.annotation.RequestMappingHandlerAdapter.handleInternal(RequestMappingHandlerAdapter.java:738)
	at org.springframework.web.servlet.mvc.method.AbstractHandlerMethodAdapter.handle(AbstractHandlerMethodAdapter.java:85)
	at org.springframework.web.servlet.DispatcherServlet.doDispatch(DispatcherServlet.java:963)
	at org.springframework.web.servlet.DispatcherServlet.doService(DispatcherServlet.java:897)
	at org.springframework.web.servlet.FrameworkServlet.processRequest(FrameworkServlet.java:970)
	at org.springframework.web.servlet.FrameworkServlet.doGet(FrameworkServlet.java:861)
	at javax.servlet.http.HttpServlet.service(HttpServlet.java:635)
	at org.springframework.web.servlet.FrameworkServlet.service(FrameworkServlet.java:846)
	at javax.servlet.http.HttpServlet.service(HttpServlet.java:742)
	at org.apache.catalina.core.ApplicationFilterChain.internalDoFilter(ApplicationFilterChain.java:231)
	at org.apache.catalina.core.ApplicationFilterChain.doFilter(ApplicationFilterChain.java:166)
	at org.apache.tomcat.websocket.server.WsFilter.doFilter(WsFilter.java:52)
	at org.apache.catalina.core.ApplicationFilterChain.internalDoFilter(ApplicationFilterChain.java:193)
	at org.apache.catalina.core.ApplicationFilterChain.doFilter(ApplicationFilterChain.java:166)
	at org.springframework.web.filter.HiddenHttpMethodFilter.doFilterInternal(HiddenHttpMethodFilter.java:81)
	at org.springframework.web.filter.OncePerRequestFilter.doFilter(OncePerRequestFilter.java:107)
	at org.apache.catalina.core.ApplicationFilterChain.internalDoFilter(ApplicationFilterChain.java:193)
	at org.apache.catalina.core.ApplicationFilterChain.doFilter(ApplicationFilterChain.java:166)
	at org.springframework.security.web.FilterChainProxy$VirtualFilterChain.doFilter(FilterChainProxy.java:317)
	at org.springframework.security.web.access.intercept.FilterSecurityInterceptor.invoke(FilterSecurityInterceptor.java:127)
	at org.springframework.security.web.access.intercept.FilterSecurityInterceptor.doFilter(FilterSecurityInterceptor.java:91)
	at org.springframework.security.web.FilterChainProxy$VirtualFilterChain.doFilter(FilterChainProxy.java:331)
	at org.springframework.security.web.access.ExceptionTranslationFilter.doFilter(ExceptionTranslationFilter.java:114)
	at org.springframework.security.web.FilterChainProxy$VirtualFilterChain.doFilter(FilterChainProxy.java:331)
	at org.springframework.security.web.session.SessionManagementFilter.doFilter(SessionManagementFilter.java:137)
	at org.springframework.security.web.FilterChainProxy$VirtualFilterChain.doFilter(FilterChainProxy.java:331)
	at org.springframework.security.web.authentication.AnonymousAuthenticationFilter.doFilter(AnonymousAuthenticationFilter.java:111)
	at org.springframework.security.web.FilterChainProxy$VirtualFilterChain.doFilter(FilterChainProxy.java:331)
	at org.springframework.security.web.servletapi.SecurityContextHolderAwareRequestFilter.doFilter(SecurityContextHolderAwareRequestFilter.java:170)
	at org.springframework.security.web.FilterChainProxy$VirtualFilterChain.doFilter(FilterChainProxy.java:331)
	at org.springframework.security.web.savedrequest.RequestCacheAwareFilter.doFilter(RequestCacheAwareFilter.java:63)
	at org.springframework.security.web.FilterChainProxy$VirtualFilterChain.doFilter(FilterChainProxy.java:331)
	at org.springframework.security.web.authentication.AbstractAuthenticationProcessingFilter.doFilter(AbstractAuthenticationProcessingFilter.java:200)
	at org.springframework.security.web.FilterChainProxy$VirtualFilterChain.doFilter(FilterChainProxy.java:331)
	at org.springframework.security.web.authentication.logout.LogoutFilter.doFilter(LogoutFilter.java:116)
	at org.springframework.security.web.FilterChainProxy$VirtualFilterChain.doFilter(FilterChainProxy.java:331)
	at org.springframework.security.web.header.HeaderWriterFilter.doFilterInternal(HeaderWriterFilter.java:64)
	at org.springframework.web.filter.OncePerRequestFilter.doFilter(OncePerRequestFilter.java:107)
	at org.springframework.security.web.FilterChainProxy$VirtualFilterChain.doFilter(FilterChainProxy.java:331)
	at org.springframework.security.web.context.SecurityContextPersistenceFilter.doFilter(SecurityContextPersistenceFilter.java:105)
	at org.springframework.security.web.FilterChainProxy$VirtualFilterChain.doFilter(FilterChainProxy.java:331)
	at org.springframework.security.web.context.request.async.WebAsyncManagerIntegrationFilter.doFilterInternal(WebAsyncManagerIntegrationFilter.java:56)
	at org.springframework.web.filter.OncePerRequestFilter.doFilter(OncePerRequestFilter.java:107)
	at org.springframework.security.web.FilterChainProxy$VirtualFilterChain.doFilter(FilterChainProxy.java:331)
	at org.springframework.security.web.FilterChainProxy.doFilterInternal(FilterChainProxy.java:214)
	at org.springframework.security.web.FilterChainProxy.doFilter(FilterChainProxy.java:177)
	at org.springframework.web.filter.DelegatingFilterProxy.invokeDelegate(DelegatingFilterProxy.java:346)
	at org.springframework.web.filter.DelegatingFilterProxy.doFilter(DelegatingFilterProxy.java:262)
	at org.apache.catalina.core.ApplicationFilterChain.internalDoFilter(ApplicationFilterChain.java:193)
	at org.apache.catalina.core.ApplicationFilterChain.doFilter(ApplicationFilterChain.java:166)
	at org.springframework.web.filter.RequestContextFilter.doFilterInternal(RequestContextFilter.java:99)
	at org.springframework.web.filter.OncePerRequestFilter.doFilter(OncePerRequestFilter.java:107)
	at org.apache.catalina.core.ApplicationFilterChain.internalDoFilter(ApplicationFilterChain.java:193)
	at org.apache.catalina.core.ApplicationFilterChain.doFilter(ApplicationFilterChain.java:166)
	at org.springframework.web.filter.HttpPutFormContentFilter.doFilterInternal(HttpPutFormContentFilter.java:105)
	at org.springframework.web.filter.OncePerRequestFilter.doFilter(OncePerRequestFilter.java:107)
	at org.apache.catalina.core.ApplicationFilterChain.internalDoFilter(ApplicationFilterChain.java:193)
	at org.apache.catalina.core.ApplicationFilterChain.doFilter(ApplicationFilterChain.java:166)
	at org.springframework.web.filter.CharacterEncodingFilter.doFilterInternal(CharacterEncodingFilter.java:197)
	at org.springframework.web.filter.OncePerRequestFilter.doFilter(OncePerRequestFilter.java:107)
	at org.apache.catalina.core.ApplicationFilterChain.internalDoFilter(ApplicationFilterChain.java:193)
	at org.apache.catalina.core.ApplicationFilterChain.doFilter(ApplicationFilterChain.java:166)
	at com.board.SimpleCorsFilter.doFilter(SimpleCorsFilter.java:29)
	at org.apache.catalina.core.ApplicationFilterChain.internalDoFilter(ApplicationFilterChain.java:193)
	at org.apache.catalina.core.ApplicationFilterChain.doFilter(ApplicationFilterChain.java:166)
	at org.apache.catalina.core.StandardWrapperValve.invoke(StandardWrapperValve.java:198)
	at org.apache.catalina.core.StandardContextValve.invoke(StandardContextValve.java:96)
	at org.apache.catalina.authenticator.AuthenticatorBase.invoke(AuthenticatorBase.java:478)
	at org.apache.catalina.core.StandardHostValve.invoke(StandardHostValve.java:140)
	at org.apache.catalina.valves.ErrorReportValve.invoke(ErrorReportValve.java:80)
	at org.apache.catalina.core.StandardEngineValve.invoke(StandardEngineValve.java:87)
	at org.apache.catalina.connector.CoyoteAdapter.service(CoyoteAdapter.java:342)
	at org.apache.coyote.http11.Http11Processor.service(Http11Processor.java:799)
	at org.apache.coyote.AbstractProcessorLight.process(AbstractProcessorLight.java:66)
	at org.apache.coyote.AbstractProtocol$ConnectionHandler.process(AbstractProtocol.java:861)
	at org.apache.tomcat.util.net.NioEndpoint$SocketProcessor.doRun(NioEndpoint.java:1455)
	at org.apache.tomcat.util.net.SocketProcessorBase.run(SocketProcessorBase.java:49)
	at java.util.concurrent.ThreadPoolExecutor.runWorker(ThreadPoolExecutor.java:1142)
	at java.util.concurrent.ThreadPoolExecutor$Worker.run(ThreadPoolExecutor.java:617)
	at org.apache.tomcat.util.threads.TaskThread$WrappingRunnable.run(TaskThread.java:61)
	at java.lang.Thread.run(Thread.java:748)
